[ 2017-05-08T09:19:50+08:00 ] 127.0.0.1 /
INFO: [ app_init ] --START--
INFO: Run Behavior\BuildLiteBehavior [ RunTime:0.000054s ]
INFO: [ app_init ] --END-- [ RunTime:0.010387s ]
INFO: [ app_begin ] --START--
INFO: Run Behavior\ReadHtmlCacheBehavior [ RunTime:0.008163s ]
INFO: [ app_begin ] --END-- [ RunTime:0.008342s ]
SQL: SHOW COLUMNS FROM `zbz_pc_banners` [ RunTime:0.0590s ]
SQL: SELECT * FROM `zbz_pc_banners` ORDER BY ctime desc  [ RunTime:0.0046s ]
SQL: SHOW COLUMNS FROM `zbz_pc_index_img_lists` [ RunTime:0.0134s ]
SQL: SELECT * FROM `zbz_pc_index_img_lists` WHERE `keywords` = 'left_img' LIMIT 1   [ RunTime:0.0086s ]
SQL: SELECT * FROM `zbz_pc_index_img_lists` WHERE `keywords` = 'middle_img' LIMIT 1   [ RunTime:0.0008s ]
SQL: SELECT * FROM `zbz_pc_index_img_lists` WHERE `keywords` = 'right_img' LIMIT 1   [ RunTime:0.0008s ]
INFO: [ view_parse ] --START--
INFO: [ template_filter ] --START--
INFO: Run Behavior\ContentReplaceBehavior [ RunTime:0.002136s ]
INFO: [ template_filter ] --END-- [ RunTime:0.002313s ]
NOTIC: [8] Use of undefined constant index - assumed 'index' E:\phpStudy\WWW\foodcase\Application\Runtime\Cache\Home\2a94b8bda04ff446dcedd42276fc99ee.php 第 148 行.
NOTIC: [8] Use of undefined constant index - assumed 'index' E:\phpStudy\WWW\foodcase\Application\Runtime\Cache\Home\2a94b8bda04ff446dcedd42276fc99ee.php 第 149 行.
NOTIC: [8] Use of undefined constant artist - assumed 'artist' E:\phpStudy\WWW\foodcase\Application\Runtime\Cache\Home\2a94b8bda04ff446dcedd42276fc99ee.php 第 150 行.
NOTIC: [8] Use of undefined constant news - assumed 'news' E:\phpStudy\WWW\foodcase\Application\Runtime\Cache\Home\2a94b8bda04ff446dcedd42276fc99ee.php 第 151 行.
NOTIC: [8] Use of undefined constant profile - assumed 'profile' E:\phpStudy\WWW\foodcase\Application\Runtime\Cache\Home\2a94b8bda04ff446dcedd42276fc99ee.php 第 152 行.
INFO: Run Behavior\ParseTemplateBehavior [ RunTime:0.177196s ]
INFO: [ view_parse ] --END-- [ RunTime:0.177341s ]
INFO: [ view_filter ] --START--
INFO: Run Behavior\WriteHtmlCacheBehavior [ RunTime:0.005993s ]
INFO: [ view_filter ] --END-- [ RunTime:0.006135s ]
INFO: [ app_end ] --START--
INFO: Run Behavior\ShowPageTraceBehavior [ RunTime:0.006703s ]
INFO: [ app_end ] --END-- [ RunTime:0.006860s ]

[ 2017-05-08T09:24:07+08:00 ] 127.0.0.1 /
INFO: [ app_init ] --START--
INFO: Run Behavior\BuildLiteBehavior [ RunTime:0.000013s ]
INFO: [ app_init ] --END-- [ RunTime:0.000382s ]
INFO: [ app_begin ] --START--
INFO: Run Behavior\ReadHtmlCacheBehavior [ RunTime:0.000543s ]
INFO: [ app_begin ] --END-- [ RunTime:0.000581s ]
SQL: SHOW COLUMNS FROM `zbz_pc_banners` [ RunTime:0.0031s ]
SQL: SELECT * FROM `zbz_pc_banners` ORDER BY ctime desc  [ RunTime:0.0003s ]
SQL: SHOW COLUMNS FROM `zbz_pc_index_img_lists` [ RunTime:0.0026s ]
SQL: SELECT * FROM `zbz_pc_index_img_lists` WHERE `keywords` = 'left_img' LIMIT 1   [ RunTime:0.0002s ]
SQL: SELECT * FROM `zbz_pc_index_img_lists` WHERE `keywords` = 'middle_img' LIMIT 1   [ RunTime:0.0002s ]
SQL: SELECT * FROM `zbz_pc_index_img_lists` WHERE `keywords` = 'right_img' LIMIT 1   [ RunTime:0.0002s ]
INFO: [ view_parse ] --START--
INFO: [ template_filter ] --START--
INFO: Run Behavior\ContentReplaceBehavior [ RunTime:0.000090s ]
INFO: [ template_filter ] --END-- [ RunTime:0.000127s ]
NOTIC: [8] Use of undefined constant index - assumed 'index' E:\phpStudy\WWW\foodcase\Application\Runtime\Cache\Home\2a94b8bda04ff446dcedd42276fc99ee.php 第 148 行.
NOTIC: [8] Use of undefined constant index - assumed 'index' E:\phpStudy\WWW\foodcase\Application\Runtime\Cache\Home\2a94b8bda04ff446dcedd42276fc99ee.php 第 149 行.
NOTIC: [8] Use of undefined constant artist - assumed 'artist' E:\phpStudy\WWW\foodcase\Application\Runtime\Cache\Home\2a94b8bda04ff446dcedd42276fc99ee.php 第 150 行.
NOTIC: [8] Use of undefined constant news - assumed 'news' E:\phpStudy\WWW\foodcase\Application\Runtime\Cache\Home\2a94b8bda04ff446dcedd42276fc99ee.php 第 151 行.
NOTIC: [8] Use of undefined constant profile - assumed 'profile' E:\phpStudy\WWW\foodcase\Application\Runtime\Cache\Home\2a94b8bda04ff446dcedd42276fc99ee.php 第 152 行.
INFO: Run Behavior\ParseTemplateBehavior [ RunTime:0.007422s ]
INFO: [ view_parse ] --END-- [ RunTime:0.007460s ]
INFO: [ view_filter ] --START--
INFO: Run Behavior\WriteHtmlCacheBehavior [ RunTime:0.000383s ]
INFO: [ view_filter ] --END-- [ RunTime:0.000413s ]
INFO: [ app_end ] --START--
INFO: Run Behavior\ShowPageTraceBehavior [ RunTime:0.000710s ]
INFO: [ app_end ] --END-- [ RunTime:0.000759s ]

[ 2017-05-08T09:24:48+08:00 ] 127.0.0.1 /
INFO: [ app_init ] --START--
INFO: Run Behavior\BuildLiteBehavior [ RunTime:0.000024s ]
INFO: [ app_init ] --END-- [ RunTime:0.000753s ]
INFO: [ app_begin ] --START--
INFO: Run Behavior\ReadHtmlCacheBehavior [ RunTime:0.000696s ]
INFO: [ app_begin ] --END-- [ RunTime:0.000773s ]
SQL: SHOW COLUMNS FROM `zbz_pc_banners` [ RunTime:0.0037s ]
SQL: SELECT * FROM `zbz_pc_banners` ORDER BY ctime desc  [ RunTime:0.0003s ]
SQL: SHOW COLUMNS FROM `zbz_pc_index_img_lists` [ RunTime:0.0040s ]
SQL: SELECT * FROM `zbz_pc_index_img_lists` WHERE `keywords` = 'left_img' LIMIT 1   [ RunTime:0.0005s ]
SQL: SELECT * FROM `zbz_pc_index_img_lists` WHERE `keywords` = 'middle_img' LIMIT 1   [ RunTime:0.0003s ]
SQL: SELECT * FROM `zbz_pc_index_img_lists` WHERE `keywords` = 'right_img' LIMIT 1   [ RunTime:0.0002s ]
INFO: [ view_parse ] --START--
INFO: [ template_filter ] --START--
INFO: Run Behavior\ContentReplaceBehavior [ RunTime:0.000064s ]
INFO: [ template_filter ] --END-- [ RunTime:0.000110s ]
NOTIC: [8] Use of undefined constant index - assumed 'index' E:\phpStudy\WWW\foodcase\Application\Runtime\Cache\Home\2a94b8bda04ff446dcedd42276fc99ee.php 第 148 行.
NOTIC: [8] Use of undefined constant index - assumed 'index' E:\phpStudy\WWW\foodcase\Application\Runtime\Cache\Home\2a94b8bda04ff446dcedd42276fc99ee.php 第 149 行.
NOTIC: [8] Use of undefined constant artist - assumed 'artist' E:\phpStudy\WWW\foodcase\Application\Runtime\Cache\Home\2a94b8bda04ff446dcedd42276fc99ee.php 第 150 行.
NOTIC: [8] Use of undefined constant news - assumed 'news' E:\phpStudy\WWW\foodcase\Application\Runtime\Cache\Home\2a94b8bda04ff446dcedd42276fc99ee.php 第 151 行.
NOTIC: [8] Use of undefined constant profile - assumed 'profile' E:\phpStudy\WWW\foodcase\Application\Runtime\Cache\Home\2a94b8bda04ff446dcedd42276fc99ee.php 第 152 行.
INFO: Run Behavior\ParseTemplateBehavior [ RunTime:0.008237s ]
INFO: [ view_parse ] --END-- [ RunTime:0.008284s ]
INFO: [ view_filter ] --START--
INFO: Run Behavior\WriteHtmlCacheBehavior [ RunTime:0.000450s ]
INFO: [ view_filter ] --END-- [ RunTime:0.000491s ]
INFO: [ app_end ] --START--
INFO: Run Behavior\ShowPageTraceBehavior [ RunTime:0.000974s ]
INFO: [ app_end ] --END-- [ RunTime:0.025125s ]

[ 2017-05-08T09:24:48+08:00 ] 127.0.0.1 /
INFO: [ app_init ] --START--
INFO: Run Behavior\BuildLiteBehavior [ RunTime:0.000017s ]
INFO: [ app_init ] --END-- [ RunTime:0.000573s ]
INFO: [ app_begin ] --START--
INFO: Run Behavior\ReadHtmlCacheBehavior [ RunTime:0.000764s ]
INFO: [ app_begin ] --END-- [ RunTime:0.000817s ]
SQL: SHOW COLUMNS FROM `zbz_pc_banners` [ RunTime:0.0035s ]
SQL: SELECT * FROM `zbz_pc_banners` ORDER BY ctime desc  [ RunTime:0.0003s ]
SQL: SHOW COLUMNS FROM `zbz_pc_index_img_lists` [ RunTime:0.0032s ]
SQL: SELECT * FROM `zbz_pc_index_img_lists` WHERE `keywords` = 'left_img' LIMIT 1   [ RunTime:0.0003s ]
SQL: SELECT * FROM `zbz_pc_index_img_lists` WHERE `keywords` = 'middle_img' LIMIT 1   [ RunTime:0.0003s ]
SQL: SELECT * FROM `zbz_pc_index_img_lists` WHERE `keywords` = 'right_img' LIMIT 1   [ RunTime:0.0002s ]
INFO: [ view_parse ] --START--
INFO: [ template_filter ] --START--
INFO: Run Behavior\ContentReplaceBehavior [ RunTime:0.000068s ]
INFO: [ template_filter ] --END-- [ RunTime:0.000122s ]
NOTIC: [8] Use of undefined constant index - assumed 'index' E:\phpStudy\WWW\foodcase\Application\Runtime\Cache\Home\2a94b8bda04ff446dcedd42276fc99ee.php 第 148 行.
NOTIC: [8] Use of undefined constant index - assumed 'index' E:\phpStudy\WWW\foodcase\Application\Runtime\Cache\Home\2a94b8bda04ff446dcedd42276fc99ee.php 第 149 行.
NOTIC: [8] Use of undefined constant artist - assumed 'artist' E:\phpStudy\WWW\foodcase\Application\Runtime\Cache\Home\2a94b8bda04ff446dcedd42276fc99ee.php 第 150 行.
NOTIC: [8] Use of undefined constant news - assumed 'news' E:\phpStudy\WWW\foodcase\Application\Runtime\Cache\Home\2a94b8bda04ff446dcedd42276fc99ee.php 第 151 行.
NOTIC: [8] Use of undefined constant profile - assumed 'profile' E:\phpStudy\WWW\foodcase\Application\Runtime\Cache\Home\2a94b8bda04ff446dcedd42276fc99ee.php 第 152 行.
INFO: Run Behavior\ParseTemplateBehavior [ RunTime:0.008369s ]
INFO: [ view_parse ] --END-- [ RunTime:0.008413s ]
INFO: [ view_filter ] --START--
INFO: Run Behavior\WriteHtmlCacheBehavior [ RunTime:0.000345s ]
INFO: [ view_filter ] --END-- [ RunTime:0.000378s ]
INFO: [ app_end ] --START--
INFO: Run Behavior\ShowPageTraceBehavior [ RunTime:0.000600s ]
INFO: [ app_end ] --END-- [ RunTime:0.000646s ]

[ 2017-05-08T09:24:48+08:00 ] 127.0.0.1 /
INFO: [ app_init ] --START--
INFO: Run Behavior\BuildLiteBehavior [ RunTime:0.000014s ]
INFO: [ app_init ] --END-- [ RunTime:0.000405s ]
INFO: [ app_begin ] --START--
INFO: Run Behavior\ReadHtmlCacheBehavior [ RunTime:0.000637s ]
INFO: [ app_begin ] --END-- [ RunTime:0.000691s ]
SQL: SHOW COLUMNS FROM `zbz_pc_banners` [ RunTime:0.0037s ]
SQL: SELECT * FROM `zbz_pc_banners` ORDER BY ctime desc  [ RunTime:0.0004s ]
SQL: SHOW COLUMNS FROM `zbz_pc_index_img_lists` [ RunTime:0.0035s ]
SQL: SELECT * FROM `zbz_pc_index_img_lists` WHERE `keywords` = 'left_img' LIMIT 1   [ RunTime:0.0003s ]
SQL: SELECT * FROM `zbz_pc_index_img_lists` WHERE `keywords` = 'middle_img' LIMIT 1   [ RunTime:0.0002s ]
SQL: SELECT * FROM `zbz_pc_index_img_lists` WHERE `keywords` = 'right_img' LIMIT 1   [ RunTime:0.0002s ]
INFO: [ view_parse ] --START--
INFO: [ template_filter ] --START--
INFO: Run Behavior\ContentReplaceBehavior [ RunTime:0.000064s ]
INFO: [ template_filter ] --END-- [ RunTime:0.000116s ]
NOTIC: [8] Use of undefined constant index - assumed 'index' E:\phpStudy\WWW\foodcase\Application\Runtime\Cache\Home\2a94b8bda04ff446dcedd42276fc99ee.php 第 148 行.
NOTIC: [8] Use of undefined constant index - assumed 'index' E:\phpStudy\WWW\foodcase\Application\Runtime\Cache\Home\2a94b8bda04ff446dcedd42276fc99ee.php 第 149 行.
NOTIC: [8] Use of undefined constant artist - assumed 'artist' E:\phpStudy\WWW\foodcase\Application\Runtime\Cache\Home\2a94b8bda04ff446dcedd42276fc99ee.php 第 150 行.
NOTIC: [8] Use of undefined constant news - assumed 'news' E:\phpStudy\WWW\foodcase\Application\Runtime\Cache\Home\2a94b8bda04ff446dcedd42276fc99ee.php 第 151 行.
NOTIC: [8] Use of undefined constant profile - assumed 'profile' E:\phpStudy\WWW\foodcase\Application\Runtime\Cache\Home\2a94b8bda04ff446dcedd42276fc99ee.php 第 152 行.
INFO: Run Behavior\ParseTemplateBehavior [ RunTime:0.008129s ]
INFO: [ view_parse ] --END-- [ RunTime:0.008173s ]
INFO: [ view_filter ] --START--
INFO: Run Behavior\WriteHtmlCacheBehavior [ RunTime:0.000354s ]
INFO: [ view_filter ] --END-- [ RunTime:0.000392s ]
INFO: [ app_end ] --START--
INFO: Run Behavior\ShowPageTraceBehavior [ RunTime:0.000619s ]
INFO: [ app_end ] --END-- [ RunTime:0.000666s ]

[ 2017-05-08T09:24:48+08:00 ] 127.0.0.1 /
INFO: [ app_init ] --START--
INFO: Run Behavior\BuildLiteBehavior [ RunTime:0.000019s ]
INFO: [ app_init ] --END-- [ RunTime:0.000554s ]
INFO: [ app_begin ] --START--
INFO: Run Behavior\ReadHtmlCacheBehavior [ RunTime:0.000857s ]
INFO: [ app_begin ] --END-- [ RunTime:0.000920s ]
SQL: SHOW COLUMNS FROM `zbz_pc_banners` [ RunTime:0.0032s ]
SQL: SELECT * FROM `zbz_pc_banners` ORDER BY ctime desc  [ RunTime:0.0003s ]
SQL: SHOW COLUMNS FROM `zbz_pc_index_img_lists` [ RunTime:0.0029s ]
SQL: SELECT * FROM `zbz_pc_index_img_lists` WHERE `keywords` = 'left_img' LIMIT 1   [ RunTime:0.0003s ]
SQL: SELECT * FROM `zbz_pc_index_img_lists` WHERE `keywords` = 'middle_img' LIMIT 1   [ RunTime:0.0002s ]
SQL: SELECT * FROM `zbz_pc_index_img_lists` WHERE `keywords` = 'right_img' LIMIT 1   [ RunTime:0.0002s ]
INFO: [ view_parse ] --START--
INFO: [ template_filter ] --START--
INFO: Run Behavior\ContentReplaceBehavior [ RunTime:0.000056s ]
INFO: [ template_filter ] --END-- [ RunTime:0.000092s ]
NOTIC: [8] Use of undefined constant index - assumed 'index' E:\phpStudy\WWW\foodcase\Application\Runtime\Cache\Home\2a94b8bda04ff446dcedd42276fc99ee.php 第 148 行.
NOTIC: [8] Use of undefined constant index - assumed 'index' E:\phpStudy\WWW\foodcase\Application\Runtime\Cache\Home\2a94b8bda04ff446dcedd42276fc99ee.php 第 149 行.
NOTIC: [8] Use of undefined constant artist - assumed 'artist' E:\phpStudy\WWW\foodcase\Application\Runtime\Cache\Home\2a94b8bda04ff446dcedd42276fc99ee.php 第 150 行.
NOTIC: [8] Use of undefined constant news - assumed 'news' E:\phpStudy\WWW\foodcase\Application\Runtime\Cache\Home\2a94b8bda04ff446dcedd42276fc99ee.php 第 151 行.
NOTIC: [8] Use of undefined constant profile - assumed 'profile' E:\phpStudy\WWW\foodcase\Application\Runtime\Cache\Home\2a94b8bda04ff446dcedd42276fc99ee.php 第 152 行.
INFO: Run Behavior\ParseTemplateBehavior [ RunTime:0.006890s ]
INFO: [ view_parse ] --END-- [ RunTime:0.006927s ]
INFO: [ view_filter ] --START--
INFO: Run Behavior\WriteHtmlCacheBehavior [ RunTime:0.000306s ]
INFO: [ view_filter ] --END-- [ RunTime:0.000336s ]
INFO: [ app_end ] --START--
INFO: Run Behavior\ShowPageTraceBehavior [ RunTime:0.000520s ]
INFO: [ app_end ] --END-- [ RunTime:0.000559s ]

[ 2017-05-08T09:24:48+08:00 ] 127.0.0.1 /
INFO: [ app_init ] --START--
INFO: Run Behavior\BuildLiteBehavior [ RunTime:0.000015s ]
INFO: [ app_init ] --END-- [ RunTime:0.000398s ]
INFO: [ app_begin ] --START--
INFO: Run Behavior\ReadHtmlCacheBehavior [ RunTime:0.000548s ]
INFO: [ app_begin ] --END-- [ RunTime:0.000604s ]
SQL: SHOW COLUMNS FROM `zbz_pc_banners` [ RunTime:0.0029s ]
SQL: SELECT * FROM `zbz_pc_banners` ORDER BY ctime desc  [ RunTime:0.0002s ]
SQL: SHOW COLUMNS FROM `zbz_pc_index_img_lists` [ RunTime:0.0026s ]
SQL: SELECT * FROM `zbz_pc_index_img_lists` WHERE `keywords` = 'left_img' LIMIT 1   [ RunTime:0.0002s ]
SQL: SELECT * FROM `zbz_pc_index_img_lists` WHERE `keywords` = 'middle_img' LIMIT 1   [ RunTime:0.0001s ]
SQL: SELECT * FROM `zbz_pc_index_img_lists` WHERE `keywords` = 'right_img' LIMIT 1   [ RunTime:0.0001s ]
INFO: [ view_parse ] --START--
INFO: [ template_filter ] --START--
INFO: Run Behavior\ContentReplaceBehavior [ RunTime:0.000054s ]
INFO: [ template_filter ] --END-- [ RunTime:0.000086s ]
NOTIC: [8] Use of undefined constant index - assumed 'index' E:\phpStudy\WWW\foodcase\Application\Runtime\Cache\Home\2a94b8bda04ff446dcedd42276fc99ee.php 第 148 行.
NOTIC: [8] Use of undefined constant index - assumed 'index' E:\phpStudy\WWW\foodcase\Application\Runtime\Cache\Home\2a94b8bda04ff446dcedd42276fc99ee.php 第 149 行.
NOTIC: [8] Use of undefined constant artist - assumed 'artist' E:\phpStudy\WWW\foodcase\Application\Runtime\Cache\Home\2a94b8bda04ff446dcedd42276fc99ee.php 第 150 行.
NOTIC: [8] Use of undefined constant news - assumed 'news' E:\phpStudy\WWW\foodcase\Application\Runtime\Cache\Home\2a94b8bda04ff446dcedd42276fc99ee.php 第 151 行.
NOTIC: [8] Use of undefined constant profile - assumed 'profile' E:\phpStudy\WWW\foodcase\Application\Runtime\Cache\Home\2a94b8bda04ff446dcedd42276fc99ee.php 第 152 行.
INFO: Run Behavior\ParseTemplateBehavior [ RunTime:0.006291s ]
INFO: [ view_parse ] --END-- [ RunTime:0.006325s ]
INFO: [ view_filter ] --START--
INFO: Run Behavior\WriteHtmlCacheBehavior [ RunTime:0.000240s ]
INFO: [ view_filter ] --END-- [ RunTime:0.000267s ]
INFO: [ app_end ] --START--
INFO: Run Behavior\ShowPageTraceBehavior [ RunTime:0.000462s ]
INFO: [ app_end ] --END-- [ RunTime:0.000498s ]

[ 2017-05-08T09:24:48+08:00 ] 127.0.0.1 /
INFO: [ app_init ] --START--
INFO: Run Behavior\BuildLiteBehavior [ RunTime:0.000019s ]
INFO: [ app_init ] --END-- [ RunTime:0.000448s ]
INFO: [ app_begin ] --START--
INFO: Run Behavior\ReadHtmlCacheBehavior [ RunTime:0.000684s ]
INFO: [ app_begin ] --END-- [ RunTime:0.000742s ]
SQL: SHOW COLUMNS FROM `zbz_pc_banners` [ RunTime:0.0031s ]
SQL: SELECT * FROM `zbz_pc_banners` ORDER BY ctime desc  [ RunTime:0.0005s ]
SQL: SHOW COLUMNS FROM `zbz_pc_index_img_lists` [ RunTime:0.0033s ]
SQL: SELECT * FROM `zbz_pc_index_img_lists` WHERE `keywords` = 'left_img' LIMIT 1   [ RunTime:0.0003s ]
SQL: SELECT * FROM `zbz_pc_index_img_lists` WHERE `keywords` = 'middle_img' LIMIT 1   [ RunTime:0.0003s ]
SQL: SELECT * FROM `zbz_pc_index_img_lists` WHERE `keywords` = 'right_img' LIMIT 1   [ RunTime:0.0002s ]
INFO: [ view_parse ] --START--
INFO: [ template_filter ] --START--
INFO: Run Behavior\ContentReplaceBehavior [ RunTime:0.000055s ]
INFO: [ template_filter ] --END-- [ RunTime:0.000092s ]
NOTIC: [8] Use of undefined constant index - assumed 'index' E:\phpStudy\WWW\foodcase\Application\Runtime\Cache\Home\2a94b8bda04ff446dcedd42276fc99ee.php 第 148 行.
NOTIC: [8] Use of undefined constant index - assumed 'index' E:\phpStudy\WWW\foodcase\Application\Runtime\Cache\Home\2a94b8bda04ff446dcedd42276fc99ee.php 第 149 行.
NOTIC: [8] Use of undefined constant artist - assumed 'artist' E:\phpStudy\WWW\foodcase\Application\Runtime\Cache\Home\2a94b8bda04ff446dcedd42276fc99ee.php 第 150 行.
NOTIC: [8] Use of undefined constant news - assumed 'news' E:\phpStudy\WWW\foodcase\Application\Runtime\Cache\Home\2a94b8bda04ff446dcedd42276fc99ee.php 第 151 行.
NOTIC: [8] Use of undefined constant profile - assumed 'profile' E:\phpStudy\WWW\foodcase\Application\Runtime\Cache\Home\2a94b8bda04ff446dcedd42276fc99ee.php 第 152 行.
INFO: Run Behavior\ParseTemplateBehavior [ RunTime:0.006825s ]
INFO: [ view_parse ] --END-- [ RunTime:0.006866s ]
INFO: [ view_filter ] --START--
INFO: Run Behavior\WriteHtmlCacheBehavior [ RunTime:0.000306s ]
INFO: [ view_filter ] --END-- [ RunTime:0.000334s ]
INFO: [ app_end ] --START--
INFO: Run Behavior\ShowPageTraceBehavior [ RunTime:0.000530s ]
INFO: [ app_end ] --END-- [ RunTime:0.000566s ]

[ 2017-05-08T09:24:48+08:00 ] 127.0.0.1 /
INFO: [ app_init ] --START--
INFO: Run Behavior\BuildLiteBehavior [ RunTime:0.000014s ]
INFO: [ app_init ] --END-- [ RunTime:0.000384s ]
INFO: [ app_begin ] --START--
INFO: Run Behavior\ReadHtmlCacheBehavior [ RunTime:0.000509s ]
INFO: [ app_begin ] --END-- [ RunTime:0.000560s ]
SQL: SHOW COLUMNS FROM `zbz_pc_banners` [ RunTime:0.0032s ]
SQL: SELECT * FROM `zbz_pc_banners` ORDER BY ctime desc  [ RunTime:0.0002s ]
SQL: SHOW COLUMNS FROM `zbz_pc_index_img_lists` [ RunTime:0.0025s ]
SQL: SELECT * FROM `zbz_pc_index_img_lists` WHERE `keywords` = 'left_img' LIMIT 1   [ RunTime:0.0002s ]
SQL: SELECT * FROM `zbz_pc_index_img_lists` WHERE `keywords` = 'middle_img' LIMIT 1   [ RunTime:0.0001s ]
SQL: SELECT * FROM `zbz_pc_index_img_lists` WHERE `keywords` = 'right_img' LIMIT 1   [ RunTime:0.0001s ]
INFO: [ view_parse ] --START--
INFO: [ template_filter ] --START--
INFO: Run Behavior\ContentReplaceBehavior [ RunTime:0.000056s ]
INFO: [ template_filter ] --END-- [ RunTime:0.000095s ]
NOTIC: [8] Use of undefined constant index - assumed 'index' E:\phpStudy\WWW\foodcase\Application\Runtime\Cache\Home\2a94b8bda04ff446dcedd42276fc99ee.php 第 148 行.
NOTIC: [8] Use of undefined constant index - assumed 'index' E:\phpStudy\WWW\foodcase\Application\Runtime\Cache\Home\2a94b8bda04ff446dcedd42276fc99ee.php 第 149 行.
NOTIC: [8] Use of undefined constant artist - assumed 'artist' E:\phpStudy\WWW\foodcase\Application\Runtime\Cache\Home\2a94b8bda04ff446dcedd42276fc99ee.php 第 150 行.
NOTIC: [8] Use of undefined constant news - assumed 'news' E:\phpStudy\WWW\foodcase\Application\Runtime\Cache\Home\2a94b8bda04ff446dcedd42276fc99ee.php 第 151 行.
NOTIC: [8] Use of undefined constant profile - assumed 'profile' E:\phpStudy\WWW\foodcase\Application\Runtime\Cache\Home\2a94b8bda04ff446dcedd42276fc99ee.php 第 152 行.
INFO: Run Behavior\ParseTemplateBehavior [ RunTime:0.006452s ]
INFO: [ view_parse ] --END-- [ RunTime:0.006484s ]
INFO: [ view_filter ] --START--
INFO: Run Behavior\WriteHtmlCacheBehavior [ RunTime:0.000247s ]
INFO: [ view_filter ] --END-- [ RunTime:0.000275s ]
INFO: [ app_end ] --START--
INFO: Run Behavior\ShowPageTraceBehavior [ RunTime:0.000465s ]
INFO: [ app_end ] --END-- [ RunTime:0.000501s ]

[ 2017-05-08T09:24:48+08:00 ] 127.0.0.1 /
INFO: [ app_init ] --START--
INFO: Run Behavior\BuildLiteBehavior [ RunTime:0.000013s ]
INFO: [ app_init ] --END-- [ RunTime:0.000370s ]
INFO: [ app_begin ] --START--
INFO: Run Behavior\ReadHtmlCacheBehavior [ RunTime:0.000486s ]
INFO: [ app_begin ] --END-- [ RunTime:0.000529s ]
SQL: SHOW COLUMNS FROM `zbz_pc_banners` [ RunTime:0.0028s ]
SQL: SELECT * FROM `zbz_pc_banners` ORDER BY ctime desc  [ RunTime:0.0002s ]
SQL: SHOW COLUMNS FROM `zbz_pc_index_img_lists` [ RunTime:0.0025s ]
SQL: SELECT * FROM `zbz_pc_index_img_lists` WHERE `keywords` = 'left_img' LIMIT 1   [ RunTime:0.0002s ]
SQL: SELECT * FROM `zbz_pc_index_img_lists` WHERE `keywords` = 'middle_img' LIMIT 1   [ RunTime:0.0001s ]
SQL: SELECT * FROM `zbz_pc_index_img_lists` WHERE `keywords` = 'right_img' LIMIT 1   [ RunTime:0.0001s ]
INFO: [ view_parse ] --START--
INFO: [ template_filter ] --START--
INFO: Run Behavior\ContentReplaceBehavior [ RunTime:0.000055s ]
INFO: [ template_filter ] --END-- [ RunTime:0.000093s ]
NOTIC: [8] Use of undefined constant index - assumed 'index' E:\phpStudy\WWW\foodcase\Application\Runtime\Cache\Home\2a94b8bda04ff446dcedd42276fc99ee.php 第 148 行.
NOTIC: [8] Use of undefined constant index - assumed 'index' E:\phpStudy\WWW\foodcase\Application\Runtime\Cache\Home\2a94b8bda04ff446dcedd42276fc99ee.php 第 149 行.
NOTIC: [8] Use of undefined constant artist - assumed 'artist' E:\phpStudy\WWW\foodcase\Application\Runtime\Cache\Home\2a94b8bda04ff446dcedd42276fc99ee.php 第 150 行.
NOTIC: [8] Use of undefined constant news - assumed 'news' E:\phpStudy\WWW\foodcase\Application\Runtime\Cache\Home\2a94b8bda04ff446dcedd42276fc99ee.php 第 151 行.
NOTIC: [8] Use of undefined constant profile - assumed 'profile' E:\phpStudy\WWW\foodcase\Application\Runtime\Cache\Home\2a94b8bda04ff446dcedd42276fc99ee.php 第 152 行.
INFO: Run Behavior\ParseTemplateBehavior [ RunTime:0.006338s ]
INFO: [ view_parse ] --END-- [ RunTime:0.006371s ]
INFO: [ view_filter ] --START--
INFO: Run Behavior\WriteHtmlCacheBehavior [ RunTime:0.000241s ]
INFO: [ view_filter ] --END-- [ RunTime:0.000270s ]
INFO: [ app_end ] --START--
INFO: Run Behavior\ShowPageTraceBehavior [ RunTime:0.000466s ]
INFO: [ app_end ] --END-- [ RunTime:0.000503s ]

[ 2017-05-08T09:24:48+08:00 ] 127.0.0.1 /
INFO: [ app_init ] --START--
INFO: Run Behavior\BuildLiteBehavior [ RunTime:0.000011s ]
INFO: [ app_init ] --END-- [ RunTime:0.000364s ]
INFO: [ app_begin ] --START--
INFO: Run Behavior\ReadHtmlCacheBehavior [ RunTime:0.000543s ]
INFO: [ app_begin ] --END-- [ RunTime:0.000584s ]
SQL: SHOW COLUMNS FROM `zbz_pc_banners` [ RunTime:0.0029s ]
SQL: SELECT * FROM `zbz_pc_banners` ORDER BY ctime desc  [ RunTime:0.0002s ]
SQL: SHOW COLUMNS FROM `zbz_pc_index_img_lists` [ RunTime:0.0027s ]
SQL: SELECT * FROM `zbz_pc_index_img_lists` WHERE `keywords` = 'left_img' LIMIT 1   [ RunTime:0.0002s ]
SQL: SELECT * FROM `zbz_pc_index_img_lists` WHERE `keywords` = 'middle_img' LIMIT 1   [ RunTime:0.0002s ]
SQL: SELECT * FROM `zbz_pc_index_img_lists` WHERE `keywords` = 'right_img' LIMIT 1   [ RunTime:0.0002s ]
INFO: [ view_parse ] --START--
INFO: [ template_filter ] --START--
INFO: Run Behavior\ContentReplaceBehavior [ RunTime:0.000056s ]
INFO: [ template_filter ] --END-- [ RunTime:0.000089s ]
NOTIC: [8] Use of undefined constant index - assumed 'index' E:\phpStudy\WWW\foodcase\Application\Runtime\Cache\Home\2a94b8bda04ff446dcedd42276fc99ee.php 第 148 行.
NOTIC: [8] Use of undefined constant index - assumed 'index' E:\phpStudy\WWW\foodcase\Application\Runtime\Cache\Home\2a94b8bda04ff446dcedd42276fc99ee.php 第 149 行.
NOTIC: [8] Use of undefined constant artist - assumed 'artist' E:\phpStudy\WWW\foodcase\Application\Runtime\Cache\Home\2a94b8bda04ff446dcedd42276fc99ee.php 第 150 行.
NOTIC: [8] Use of undefined constant news - assumed 'news' E:\phpStudy\WWW\foodcase\Application\Runtime\Cache\Home\2a94b8bda04ff446dcedd42276fc99ee.php 第 151 行.
NOTIC: [8] Use of undefined constant profile - assumed 'profile' E:\phpStudy\WWW\foodcase\Application\Runtime\Cache\Home\2a94b8bda04ff446dcedd42276fc99ee.php 第 152 行.
INFO: Run Behavior\ParseTemplateBehavior [ RunTime:0.006920s ]
INFO: [ view_parse ] --END-- [ RunTime:0.006956s ]
INFO: [ view_filter ] --START--
INFO: Run Behavior\WriteHtmlCacheBehavior [ RunTime:0.000369s ]
INFO: [ view_filter ] --END-- [ RunTime:0.000398s ]
INFO: [ app_end ] --START--
INFO: Run Behavior\ShowPageTraceBehavior [ RunTime:0.000598s ]
INFO: [ app_end ] --END-- [ RunTime:0.000634s ]

[ 2017-05-08T09:24:48+08:00 ] 127.0.0.1 /
INFO: [ app_init ] --START--
INFO: Run Behavior\BuildLiteBehavior [ RunTime:0.000017s ]
INFO: [ app_init ] --END-- [ RunTime:0.000528s ]
INFO: [ app_begin ] --START--
INFO: Run Behavior\ReadHtmlCacheBehavior [ RunTime:0.000486s ]
INFO: [ app_begin ] --END-- [ RunTime:0.000533s ]
SQL: SHOW COLUMNS FROM `zbz_pc_banners` [ RunTime:0.0031s ]
SQL: SELECT * FROM `zbz_pc_banners` ORDER BY ctime desc  [ RunTime:0.0003s ]
SQL: SHOW COLUMNS FROM `zbz_pc_index_img_lists` [ RunTime:0.0025s ]
SQL: SELECT * FROM `zbz_pc_index_img_lists` WHERE `keywords` = 'left_img' LIMIT 1   [ RunTime:0.0002s ]
SQL: SELECT * FROM `zbz_pc_index_img_lists` WHERE `keywords` = 'middle_img' LIMIT 1   [ RunTime:0.0002s ]
SQL: SELECT * FROM `zbz_pc_index_img_lists` WHERE `keywords` = 'right_img' LIMIT 1   [ RunTime:0.0002s ]
INFO: [ view_parse ] --START--
INFO: [ template_filter ] --START--
INFO: Run Behavior\ContentReplaceBehavior [ RunTime:0.000055s ]
INFO: [ template_filter ] --END-- [ RunTime:0.000088s ]
NOTIC: [8] Use of undefined constant index - assumed 'index' E:\phpStudy\WWW\foodcase\Application\Runtime\Cache\Home\2a94b8bda04ff446dcedd42276fc99ee.php 第 148 行.
NOTIC: [8] Use of undefined constant index - assumed 'index' E:\phpStudy\WWW\foodcase\Application\Runtime\Cache\Home\2a94b8bda04ff446dcedd42276fc99ee.php 第 149 行.
NOTIC: [8] Use of undefined constant artist - assumed 'artist' E:\phpStudy\WWW\foodcase\Application\Runtime\Cache\Home\2a94b8bda04ff446dcedd42276fc99ee.php 第 150 行.
NOTIC: [8] Use of undefined constant news - assumed 'news' E:\phpStudy\WWW\foodcase\Application\Runtime\Cache\Home\2a94b8bda04ff446dcedd42276fc99ee.php 第 151 行.
NOTIC: [8] Use of undefined constant profile - assumed 'profile' E:\phpStudy\WWW\foodcase\Application\Runtime\Cache\Home\2a94b8bda04ff446dcedd42276fc99ee.php 第 152 行.
INFO: Run Behavior\ParseTemplateBehavior [ RunTime:0.006616s ]
INFO: [ view_parse ] --END-- [ RunTime:0.006650s ]
INFO: [ view_filter ] --START--
INFO: Run Behavior\WriteHtmlCacheBehavior [ RunTime:0.000307s ]
INFO: [ view_filter ] --END-- [ RunTime:0.000336s ]
INFO: [ app_end ] --START--
INFO: Run Behavior\ShowPageTraceBehavior [ RunTime:0.000673s ]
INFO: [ app_end ] --END-- [ RunTime:0.000711s ]

[ 2017-05-08T09:25:53+08:00 ] 127.0.0.1 /
INFO: [ app_init ] --START--
INFO: Run Behavior\BuildLiteBehavior [ RunTime:0.000013s ]
INFO: [ app_init ] --END-- [ RunTime:0.000386s ]
INFO: [ app_begin ] --START--
INFO: Run Behavior\ReadHtmlCacheBehavior [ RunTime:0.000473s ]
INFO: [ app_begin ] --END-- [ RunTime:0.000515s ]
SQL: SHOW COLUMNS FROM `zbz_pc_banners` [ RunTime:0.0034s ]
SQL: SELECT * FROM `zbz_pc_banners` ORDER BY ctime desc  [ RunTime:0.0004s ]
SQL: SHOW COLUMNS FROM `zbz_pc_index_img_lists` [ RunTime:0.0030s ]
SQL: SELECT * FROM `zbz_pc_index_img_lists` WHERE `keywords` = 'left_img' LIMIT 1   [ RunTime:0.0002s ]
SQL: SELECT * FROM `zbz_pc_index_img_lists` WHERE `keywords` = 'middle_img' LIMIT 1   [ RunTime:0.0002s ]
SQL: SELECT * FROM `zbz_pc_index_img_lists` WHERE `keywords` = 'right_img' LIMIT 1   [ RunTime:0.0002s ]
INFO: [ view_parse ] --START--
INFO: [ template_filter ] --START--
INFO: Run Behavior\ContentReplaceBehavior [ RunTime:0.000057s ]
INFO: [ template_filter ] --END-- [ RunTime:0.000092s ]
NOTIC: [8] Use of undefined constant index - assumed 'index' E:\phpStudy\WWW\foodcase\Application\Runtime\Cache\Home\2a94b8bda04ff446dcedd42276fc99ee.php 第 148 行.
NOTIC: [8] Use of undefined constant index - assumed 'index' E:\phpStudy\WWW\foodcase\Application\Runtime\Cache\Home\2a94b8bda04ff446dcedd42276fc99ee.php 第 149 行.
NOTIC: [8] Use of undefined constant artist - assumed 'artist' E:\phpStudy\WWW\foodcase\Application\Runtime\Cache\Home\2a94b8bda04ff446dcedd42276fc99ee.php 第 150 行.
NOTIC: [8] Use of undefined constant news - assumed 'news' E:\phpStudy\WWW\foodcase\Application\Runtime\Cache\Home\2a94b8bda04ff446dcedd42276fc99ee.php 第 151 行.
NOTIC: [8] Use of undefined constant profile - assumed 'profile' E:\phpStudy\WWW\foodcase\Application\Runtime\Cache\Home\2a94b8bda04ff446dcedd42276fc99ee.php 第 152 行.
INFO: Run Behavior\ParseTemplateBehavior [ RunTime:0.006600s ]
INFO: [ view_parse ] --END-- [ RunTime:0.006635s ]
INFO: [ view_filter ] --START--
INFO: Run Behavior\WriteHtmlCacheBehavior [ RunTime:0.000309s ]
INFO: [ view_filter ] --END-- [ RunTime:0.000340s ]
INFO: [ app_end ] --START--
INFO: Run Behavior\ShowPageTraceBehavior [ RunTime:0.000639s ]
INFO: [ app_end ] --END-- [ RunTime:0.000677s ]

[ 2017-05-08T09:27:32+08:00 ] 127.0.0.1 /
INFO: [ app_init ] --START--
INFO: Run Behavior\BuildLiteBehavior [ RunTime:0.000011s ]
INFO: [ app_init ] --END-- [ RunTime:0.000371s ]
INFO: [ app_begin ] --START--
INFO: Run Behavior\ReadHtmlCacheBehavior [ RunTime:0.000533s ]
INFO: [ app_begin ] --END-- [ RunTime:0.000569s ]
SQL: SHOW COLUMNS FROM `zbz_pc_banners` [ RunTime:0.0032s ]
SQL: SELECT * FROM `zbz_pc_banners` ORDER BY ctime desc  [ RunTime:0.0003s ]
SQL: SHOW COLUMNS FROM `zbz_pc_index_img_lists` [ RunTime:0.0026s ]
SQL: SELECT * FROM `zbz_pc_index_img_lists` WHERE `keywords` = 'left_img' LIMIT 1   [ RunTime:0.0002s ]
SQL: SELECT * FROM `zbz_pc_index_img_lists` WHERE `keywords` = 'middle_img' LIMIT 1   [ RunTime:0.0002s ]
SQL: SELECT * FROM `zbz_pc_index_img_lists` WHERE `keywords` = 'right_img' LIMIT 1   [ RunTime:0.0002s ]
INFO: [ view_parse ] --START--
INFO: [ template_filter ] --START--
INFO: Run Behavior\ContentReplaceBehavior [ RunTime:0.000053s ]
INFO: [ template_filter ] --END-- [ RunTime:0.000084s ]
NOTIC: [8] Use of undefined constant index - assumed 'index' E:\phpStudy\WWW\foodcase\Application\Runtime\Cache\Home\2a94b8bda04ff446dcedd42276fc99ee.php 第 148 行.
NOTIC: [8] Use of undefined constant index - assumed 'index' E:\phpStudy\WWW\foodcase\Application\Runtime\Cache\Home\2a94b8bda04ff446dcedd42276fc99ee.php 第 149 行.
NOTIC: [8] Use of undefined constant artist - assumed 'artist' E:\phpStudy\WWW\foodcase\Application\Runtime\Cache\Home\2a94b8bda04ff446dcedd42276fc99ee.php 第 150 行.
NOTIC: [8] Use of undefined constant news - assumed 'news' E:\phpStudy\WWW\foodcase\Application\Runtime\Cache\Home\2a94b8bda04ff446dcedd42276fc99ee.php 第 151 行.
NOTIC: [8] Use of undefined constant profile - assumed 'profile' E:\phpStudy\WWW\foodcase\Application\Runtime\Cache\Home\2a94b8bda04ff446dcedd42276fc99ee.php 第 152 行.
INFO: Run Behavior\ParseTemplateBehavior [ RunTime:0.006562s ]
INFO: [ view_parse ] --END-- [ RunTime:0.006596s ]
INFO: [ view_filter ] --START--
INFO: Run Behavior\WriteHtmlCacheBehavior [ RunTime:0.000312s ]
INFO: [ view_filter ] --END-- [ RunTime:0.000339s ]
INFO: [ app_end ] --START--
INFO: Run Behavior\ShowPageTraceBehavior [ RunTime:0.000678s ]
INFO: [ app_end ] --END-- [ RunTime:0.000713s ]

