[ 2017-05-11T17:32:31+08:00 ] ::1 /
INFO: [ app_init ] --START--
INFO: Run Behavior\BuildLiteBehavior [ RunTime:0.000014s ]
INFO: [ app_init ] --END-- [ RunTime:0.026086s ]
INFO: [ app_begin ] --START--
INFO: Run Behavior\ReadHtmlCacheBehavior [ RunTime:0.004006s ]
INFO: [ app_begin ] --END-- [ RunTime:0.004053s ]
SQL: SHOW COLUMNS FROM `zbz_pc_banners` [ RunTime:0.0534s ]
SQL: SELECT * FROM `zbz_pc_banners` ORDER BY ctime desc  [ RunTime:0.0006s ]
SQL: SHOW COLUMNS FROM `zbz_pc_index_img_lists` [ RunTime:0.0191s ]
SQL: SELECT * FROM `zbz_pc_index_img_lists` WHERE `keywords` = 'left_img' LIMIT 1   [ RunTime:0.0005s ]
SQL: SELECT * FROM `zbz_pc_index_img_lists` WHERE `keywords` = 'middle_img' LIMIT 1   [ RunTime:0.0002s ]
SQL: SELECT * FROM `zbz_pc_index_img_lists` WHERE `keywords` = 'right_img' LIMIT 1   [ RunTime:0.0002s ]
INFO: [ view_parse ] --START--
INFO: [ template_filter ] --START--
INFO: Run Behavior\ContentReplaceBehavior [ RunTime:0.007968s ]
INFO: [ template_filter ] --END-- [ RunTime:0.008021s ]
NOTIC: [8] Use of undefined constant index - assumed 'index' E:\phpStudy\WWW\foodcase\Application\Runtime\Cache\Home\2a94b8bda04ff446dcedd42276fc99ee.php 第 148 行.
NOTIC: [8] Use of undefined constant index - assumed 'index' E:\phpStudy\WWW\foodcase\Application\Runtime\Cache\Home\2a94b8bda04ff446dcedd42276fc99ee.php 第 149 行.
NOTIC: [8] Use of undefined constant artist - assumed 'artist' E:\phpStudy\WWW\foodcase\Application\Runtime\Cache\Home\2a94b8bda04ff446dcedd42276fc99ee.php 第 150 行.
NOTIC: [8] Use of undefined constant news - assumed 'news' E:\phpStudy\WWW\foodcase\Application\Runtime\Cache\Home\2a94b8bda04ff446dcedd42276fc99ee.php 第 151 行.
NOTIC: [8] Use of undefined constant profile - assumed 'profile' E:\phpStudy\WWW\foodcase\Application\Runtime\Cache\Home\2a94b8bda04ff446dcedd42276fc99ee.php 第 152 行.
INFO: Run Behavior\ParseTemplateBehavior [ RunTime:0.090182s ]
INFO: [ view_parse ] --END-- [ RunTime:0.090224s ]
INFO: [ view_filter ] --START--
INFO: Run Behavior\WriteHtmlCacheBehavior [ RunTime:0.009478s ]
INFO: [ view_filter ] --END-- [ RunTime:0.009520s ]
INFO: [ app_end ] --START--
INFO: Run Behavior\ShowPageTraceBehavior [ RunTime:0.007032s ]
INFO: [ app_end ] --END-- [ RunTime:0.007089s ]

[ 2017-05-11T17:32:38+08:00 ] ::1 /
INFO: [ app_init ] --START--
INFO: Run Behavior\BuildLiteBehavior [ RunTime:0.000010s ]
INFO: [ app_init ] --END-- [ RunTime:0.000281s ]
INFO: [ app_begin ] --START--
INFO: Run Behavior\ReadHtmlCacheBehavior [ RunTime:0.000319s ]
INFO: [ app_begin ] --END-- [ RunTime:0.000352s ]
SQL: SHOW COLUMNS FROM `zbz_pc_banners` [ RunTime:0.0037s ]
SQL: SELECT * FROM `zbz_pc_banners` ORDER BY ctime desc  [ RunTime:0.0003s ]
SQL: SHOW COLUMNS FROM `zbz_pc_index_img_lists` [ RunTime:0.0034s ]
SQL: SELECT * FROM `zbz_pc_index_img_lists` WHERE `keywords` = 'left_img' LIMIT 1   [ RunTime:0.0002s ]
SQL: SELECT * FROM `zbz_pc_index_img_lists` WHERE `keywords` = 'middle_img' LIMIT 1   [ RunTime:0.0002s ]
SQL: SELECT * FROM `zbz_pc_index_img_lists` WHERE `keywords` = 'right_img' LIMIT 1   [ RunTime:0.0002s ]
INFO: [ view_parse ] --START--
INFO: [ template_filter ] --START--
INFO: Run Behavior\ContentReplaceBehavior [ RunTime:0.000054s ]
INFO: [ template_filter ] --END-- [ RunTime:0.000084s ]
NOTIC: [8] Use of undefined constant index - assumed 'index' E:\phpStudy\WWW\foodcase\Application\Runtime\Cache\Home\2a94b8bda04ff446dcedd42276fc99ee.php 第 148 行.
NOTIC: [8] Use of undefined constant index - assumed 'index' E:\phpStudy\WWW\foodcase\Application\Runtime\Cache\Home\2a94b8bda04ff446dcedd42276fc99ee.php 第 149 行.
NOTIC: [8] Use of undefined constant artist - assumed 'artist' E:\phpStudy\WWW\foodcase\Application\Runtime\Cache\Home\2a94b8bda04ff446dcedd42276fc99ee.php 第 150 行.
NOTIC: [8] Use of undefined constant news - assumed 'news' E:\phpStudy\WWW\foodcase\Application\Runtime\Cache\Home\2a94b8bda04ff446dcedd42276fc99ee.php 第 151 行.
NOTIC: [8] Use of undefined constant profile - assumed 'profile' E:\phpStudy\WWW\foodcase\Application\Runtime\Cache\Home\2a94b8bda04ff446dcedd42276fc99ee.php 第 152 行.
INFO: Run Behavior\ParseTemplateBehavior [ RunTime:0.005069s ]
INFO: [ view_parse ] --END-- [ RunTime:0.005097s ]
INFO: [ view_filter ] --START--
INFO: Run Behavior\WriteHtmlCacheBehavior [ RunTime:0.000174s ]
INFO: [ view_filter ] --END-- [ RunTime:0.000198s ]
INFO: [ app_end ] --START--
INFO: Run Behavior\ShowPageTraceBehavior [ RunTime:0.000331s ]
INFO: [ app_end ] --END-- [ RunTime:0.000361s ]

