[ 2017-05-17T11:32:27+08:00 ] ::1 /
INFO: [ app_init ] --START--
INFO: Run Behavior\BuildLiteBehavior [ RunTime:0.000030s ]
INFO: [ app_init ] --END-- [ RunTime:0.021984s ]
INFO: [ app_begin ] --START--
INFO: Run Behavior\ReadHtmlCacheBehavior [ RunTime:0.006580s ]
INFO: [ app_begin ] --END-- [ RunTime:0.006705s ]
SQL: SHOW COLUMNS FROM `zbz_pc_banners` [ RunTime:0.1002s ]
SQL: SELECT * FROM `zbz_pc_banners` ORDER BY ctime desc  [ RunTime:0.0044s ]
SQL: SHOW COLUMNS FROM `zbz_pc_index_img_lists` [ RunTime:0.0411s ]
SQL: SELECT * FROM `zbz_pc_index_img_lists` WHERE `keywords` = 'left_img' LIMIT 1   [ RunTime:0.0024s ]
SQL: SELECT * FROM `zbz_pc_index_img_lists` WHERE `keywords` = 'middle_img' LIMIT 1   [ RunTime:0.0005s ]
SQL: SELECT * FROM `zbz_pc_index_img_lists` WHERE `keywords` = 'right_img' LIMIT 1   [ RunTime:0.0005s ]
INFO: [ view_parse ] --START--
INFO: [ template_filter ] --START--
INFO: Run Behavior\ContentReplaceBehavior [ RunTime:0.011514s ]
INFO: [ template_filter ] --END-- [ RunTime:0.011631s ]
NOTIC: [8] Use of undefined constant index - assumed 'index' E:\phpStudy\WWW\zbz\Application\Runtime\Cache\Home\2a94b8bda04ff446dcedd42276fc99ee.php 第 148 行.
NOTIC: [8] Use of undefined constant index - assumed 'index' E:\phpStudy\WWW\zbz\Application\Runtime\Cache\Home\2a94b8bda04ff446dcedd42276fc99ee.php 第 149 行.
NOTIC: [8] Use of undefined constant artist - assumed 'artist' E:\phpStudy\WWW\zbz\Application\Runtime\Cache\Home\2a94b8bda04ff446dcedd42276fc99ee.php 第 150 行.
NOTIC: [8] Use of undefined constant news - assumed 'news' E:\phpStudy\WWW\zbz\Application\Runtime\Cache\Home\2a94b8bda04ff446dcedd42276fc99ee.php 第 151 行.
NOTIC: [8] Use of undefined constant profile - assumed 'profile' E:\phpStudy\WWW\zbz\Application\Runtime\Cache\Home\2a94b8bda04ff446dcedd42276fc99ee.php 第 152 行.
INFO: Run Behavior\ParseTemplateBehavior [ RunTime:0.133169s ]
INFO: [ view_parse ] --END-- [ RunTime:0.133256s ]
INFO: [ view_filter ] --START--
INFO: Run Behavior\WriteHtmlCacheBehavior [ RunTime:0.010697s ]
INFO: [ view_filter ] --END-- [ RunTime:0.010793s ]
INFO: [ app_end ] --START--
INFO: Run Behavior\ShowPageTraceBehavior [ RunTime:0.011000s ]
INFO: [ app_end ] --END-- [ RunTime:0.011171s ]

[ 2017-05-17T11:32:34+08:00 ] 127.0.0.1 /
INFO: [ app_init ] --START--
INFO: Run Behavior\BuildLiteBehavior [ RunTime:0.000015s ]
INFO: [ app_init ] --END-- [ RunTime:0.000714s ]
INFO: [ app_begin ] --START--
INFO: Run Behavior\ReadHtmlCacheBehavior [ RunTime:0.000710s ]
INFO: [ app_begin ] --END-- [ RunTime:0.000763s ]
SQL: SHOW COLUMNS FROM `zbz_pc_banners` [ RunTime:0.0061s ]
SQL: SELECT * FROM `zbz_pc_banners` ORDER BY ctime desc  [ RunTime:0.0004s ]
SQL: SHOW COLUMNS FROM `zbz_pc_index_img_lists` [ RunTime:0.0065s ]
SQL: SELECT * FROM `zbz_pc_index_img_lists` WHERE `keywords` = 'left_img' LIMIT 1   [ RunTime:0.0003s ]
SQL: SELECT * FROM `zbz_pc_index_img_lists` WHERE `keywords` = 'middle_img' LIMIT 1   [ RunTime:0.0002s ]
SQL: SELECT * FROM `zbz_pc_index_img_lists` WHERE `keywords` = 'right_img' LIMIT 1   [ RunTime:0.0002s ]
INFO: [ view_parse ] --START--
INFO: [ template_filter ] --START--
INFO: Run Behavior\ContentReplaceBehavior [ RunTime:0.000074s ]
INFO: [ template_filter ] --END-- [ RunTime:0.000111s ]
NOTIC: [8] Use of undefined constant index - assumed 'index' E:\phpStudy\WWW\zbz\Application\Runtime\Cache\Home\2a94b8bda04ff446dcedd42276fc99ee.php 第 148 行.
NOTIC: [8] Use of undefined constant index - assumed 'index' E:\phpStudy\WWW\zbz\Application\Runtime\Cache\Home\2a94b8bda04ff446dcedd42276fc99ee.php 第 149 行.
NOTIC: [8] Use of undefined constant artist - assumed 'artist' E:\phpStudy\WWW\zbz\Application\Runtime\Cache\Home\2a94b8bda04ff446dcedd42276fc99ee.php 第 150 行.
NOTIC: [8] Use of undefined constant news - assumed 'news' E:\phpStudy\WWW\zbz\Application\Runtime\Cache\Home\2a94b8bda04ff446dcedd42276fc99ee.php 第 151 行.
NOTIC: [8] Use of undefined constant profile - assumed 'profile' E:\phpStudy\WWW\zbz\Application\Runtime\Cache\Home\2a94b8bda04ff446dcedd42276fc99ee.php 第 152 行.
INFO: Run Behavior\ParseTemplateBehavior [ RunTime:0.008045s ]
INFO: [ view_parse ] --END-- [ RunTime:0.008084s ]
INFO: [ view_filter ] --START--
INFO: Run Behavior\WriteHtmlCacheBehavior [ RunTime:0.000505s ]
INFO: [ view_filter ] --END-- [ RunTime:0.000543s ]
INFO: [ app_end ] --START--
INFO: Run Behavior\ShowPageTraceBehavior [ RunTime:0.000650s ]
INFO: [ app_end ] --END-- [ RunTime:0.000699s ]

