[ 2017-05-05T17:30:29+08:00 ] 127.0.0.1 /
INFO: [ app_init ] --START--
INFO: Run Behavior\BuildLiteBehavior [ RunTime:0.000013s ]
INFO: [ app_init ] --END-- [ RunTime:0.000068s ]
INFO: [ app_begin ] --START--
INFO: Run Behavior\ReadHtmlCacheBehavior [ RunTime:0.009399s ]
INFO: [ app_begin ] --END-- [ RunTime:0.009453s ]
ERR: 无法加载数据库驱动: Think\Db\Driver\

[ 2017-05-05T17:38:25+08:00 ] 127.0.0.1 /
INFO: [ app_init ] --START--
INFO: Run Behavior\BuildLiteBehavior [ RunTime:0.000014s ]
INFO: [ app_init ] --END-- [ RunTime:0.000478s ]
INFO: [ app_begin ] --START--
INFO: Run Behavior\ReadHtmlCacheBehavior [ RunTime:0.000971s ]
INFO: [ app_begin ] --END-- [ RunTime:0.001016s ]
SQL: SHOW COLUMNS FROM `zbz_pc_banners` [ RunTime:0.0083s ]
SQL: SELECT * FROM `zbz_pc_banners` ORDER BY ctime desc  [ RunTime:0.0004s ]
SQL: SHOW COLUMNS FROM `zbz_pc_index_img_lists` [ RunTime:0.0075s ]
SQL: SELECT * FROM `zbz_pc_index_img_lists` WHERE `keywords` = 'left_img' LIMIT 1   [ RunTime:0.0003s ]
SQL: SELECT * FROM `zbz_pc_index_img_lists` WHERE `keywords` = 'middle_img' LIMIT 1   [ RunTime:0.0002s ]
SQL: SELECT * FROM `zbz_pc_index_img_lists` WHERE `keywords` = 'right_img' LIMIT 1   [ RunTime:0.0002s ]
INFO: [ view_parse ] --START--
INFO: [ template_filter ] --START--
INFO: Run Behavior\ContentReplaceBehavior [ RunTime:0.000066s ]
INFO: [ template_filter ] --END-- [ RunTime:0.000108s ]
NOTIC: [8] Use of undefined constant index - assumed 'index' E:\phpStudy\WWW\foodcase\Application\Runtime\Cache\Home\2a94b8bda04ff446dcedd42276fc99ee.php 第 148 行.
NOTIC: [8] Use of undefined constant index - assumed 'index' E:\phpStudy\WWW\foodcase\Application\Runtime\Cache\Home\2a94b8bda04ff446dcedd42276fc99ee.php 第 149 行.
NOTIC: [8] Use of undefined constant artist - assumed 'artist' E:\phpStudy\WWW\foodcase\Application\Runtime\Cache\Home\2a94b8bda04ff446dcedd42276fc99ee.php 第 150 行.
NOTIC: [8] Use of undefined constant news - assumed 'news' E:\phpStudy\WWW\foodcase\Application\Runtime\Cache\Home\2a94b8bda04ff446dcedd42276fc99ee.php 第 151 行.
NOTIC: [8] Use of undefined constant profile - assumed 'profile' E:\phpStudy\WWW\foodcase\Application\Runtime\Cache\Home\2a94b8bda04ff446dcedd42276fc99ee.php 第 152 行.
INFO: Run Behavior\ParseTemplateBehavior [ RunTime:0.042995s ]
INFO: [ view_parse ] --END-- [ RunTime:0.043031s ]
INFO: [ view_filter ] --START--
INFO: Run Behavior\WriteHtmlCacheBehavior [ RunTime:0.008131s ]
INFO: [ view_filter ] --END-- [ RunTime:0.008173s ]
INFO: [ app_end ] --START--
INFO: Run Behavior\ShowPageTraceBehavior [ RunTime:0.007831s ]
INFO: [ app_end ] --END-- [ RunTime:0.007885s ]

[ 2017-05-05T17:38:40+08:00 ] 127.0.0.1 /
INFO: [ app_init ] --START--
INFO: Run Behavior\BuildLiteBehavior [ RunTime:0.000013s ]
INFO: [ app_init ] --END-- [ RunTime:0.000454s ]
INFO: [ app_begin ] --START--
INFO: Run Behavior\ReadHtmlCacheBehavior [ RunTime:0.000666s ]
INFO: [ app_begin ] --END-- [ RunTime:0.000715s ]
SQL: SHOW COLUMNS FROM `zbz_pc_banners` [ RunTime:0.0071s ]
SQL: SELECT * FROM `zbz_pc_banners` ORDER BY ctime desc  [ RunTime:0.0003s ]
SQL: SHOW COLUMNS FROM `zbz_pc_index_img_lists` [ RunTime:0.0077s ]
SQL: SELECT * FROM `zbz_pc_index_img_lists` WHERE `keywords` = 'left_img' LIMIT 1   [ RunTime:0.0003s ]
SQL: SELECT * FROM `zbz_pc_index_img_lists` WHERE `keywords` = 'middle_img' LIMIT 1   [ RunTime:0.0003s ]
SQL: SELECT * FROM `zbz_pc_index_img_lists` WHERE `keywords` = 'right_img' LIMIT 1   [ RunTime:0.0002s ]
INFO: [ view_parse ] --START--
INFO: [ template_filter ] --START--
INFO: Run Behavior\ContentReplaceBehavior [ RunTime:0.000066s ]
INFO: [ template_filter ] --END-- [ RunTime:0.000111s ]
NOTIC: [8] Use of undefined constant index - assumed 'index' E:\phpStudy\WWW\foodcase\Application\Runtime\Cache\Home\2a94b8bda04ff446dcedd42276fc99ee.php 第 148 行.
NOTIC: [8] Use of undefined constant index - assumed 'index' E:\phpStudy\WWW\foodcase\Application\Runtime\Cache\Home\2a94b8bda04ff446dcedd42276fc99ee.php 第 149 行.
NOTIC: [8] Use of undefined constant artist - assumed 'artist' E:\phpStudy\WWW\foodcase\Application\Runtime\Cache\Home\2a94b8bda04ff446dcedd42276fc99ee.php 第 150 行.
NOTIC: [8] Use of undefined constant news - assumed 'news' E:\phpStudy\WWW\foodcase\Application\Runtime\Cache\Home\2a94b8bda04ff446dcedd42276fc99ee.php 第 151 行.
NOTIC: [8] Use of undefined constant profile - assumed 'profile' E:\phpStudy\WWW\foodcase\Application\Runtime\Cache\Home\2a94b8bda04ff446dcedd42276fc99ee.php 第 152 行.
INFO: Run Behavior\ParseTemplateBehavior [ RunTime:0.009400s ]
INFO: [ view_parse ] --END-- [ RunTime:0.009437s ]
INFO: [ view_filter ] --START--
INFO: Run Behavior\WriteHtmlCacheBehavior [ RunTime:0.000392s ]
INFO: [ view_filter ] --END-- [ RunTime:0.000422s ]
INFO: [ app_end ] --START--
INFO: Run Behavior\ShowPageTraceBehavior [ RunTime:0.000784s ]
INFO: [ app_end ] --END-- [ RunTime:0.000831s ]

[ 2017-05-05T17:38:40+08:00 ] 127.0.0.1 /
INFO: [ app_init ] --START--
INFO: Run Behavior\BuildLiteBehavior [ RunTime:0.000013s ]
INFO: [ app_init ] --END-- [ RunTime:0.000452s ]
INFO: [ app_begin ] --START--
INFO: Run Behavior\ReadHtmlCacheBehavior [ RunTime:0.000554s ]
INFO: [ app_begin ] --END-- [ RunTime:0.000592s ]
SQL: SHOW COLUMNS FROM `zbz_pc_banners` [ RunTime:0.0094s ]
SQL: SELECT * FROM `zbz_pc_banners` ORDER BY ctime desc  [ RunTime:0.0003s ]
SQL: SHOW COLUMNS FROM `zbz_pc_index_img_lists` [ RunTime:0.0076s ]
SQL: SELECT * FROM `zbz_pc_index_img_lists` WHERE `keywords` = 'left_img' LIMIT 1   [ RunTime:0.0002s ]
SQL: SELECT * FROM `zbz_pc_index_img_lists` WHERE `keywords` = 'middle_img' LIMIT 1   [ RunTime:0.0001s ]
SQL: SELECT * FROM `zbz_pc_index_img_lists` WHERE `keywords` = 'right_img' LIMIT 1   [ RunTime:0.0001s ]
INFO: [ view_parse ] --START--
INFO: [ template_filter ] --START--
INFO: Run Behavior\ContentReplaceBehavior [ RunTime:0.000156s ]
INFO: [ template_filter ] --END-- [ RunTime:0.000208s ]
NOTIC: [8] Use of undefined constant index - assumed 'index' E:\phpStudy\WWW\foodcase\Application\Runtime\Cache\Home\2a94b8bda04ff446dcedd42276fc99ee.php 第 148 行.
NOTIC: [8] Use of undefined constant index - assumed 'index' E:\phpStudy\WWW\foodcase\Application\Runtime\Cache\Home\2a94b8bda04ff446dcedd42276fc99ee.php 第 149 行.
NOTIC: [8] Use of undefined constant artist - assumed 'artist' E:\phpStudy\WWW\foodcase\Application\Runtime\Cache\Home\2a94b8bda04ff446dcedd42276fc99ee.php 第 150 行.
NOTIC: [8] Use of undefined constant news - assumed 'news' E:\phpStudy\WWW\foodcase\Application\Runtime\Cache\Home\2a94b8bda04ff446dcedd42276fc99ee.php 第 151 行.
NOTIC: [8] Use of undefined constant profile - assumed 'profile' E:\phpStudy\WWW\foodcase\Application\Runtime\Cache\Home\2a94b8bda04ff446dcedd42276fc99ee.php 第 152 行.
INFO: Run Behavior\ParseTemplateBehavior [ RunTime:0.011105s ]
INFO: [ view_parse ] --END-- [ RunTime:0.011146s ]
INFO: [ view_filter ] --START--
INFO: Run Behavior\WriteHtmlCacheBehavior [ RunTime:0.000362s ]
INFO: [ view_filter ] --END-- [ RunTime:0.000393s ]
INFO: [ app_end ] --START--
INFO: Run Behavior\ShowPageTraceBehavior [ RunTime:0.001854s ]
INFO: [ app_end ] --END-- [ RunTime:0.001924s ]

[ 2017-05-05T17:38:40+08:00 ] 127.0.0.1 /
INFO: [ app_init ] --START--
INFO: Run Behavior\BuildLiteBehavior [ RunTime:0.000013s ]
INFO: [ app_init ] --END-- [ RunTime:0.000396s ]
INFO: [ app_begin ] --START--
INFO: Run Behavior\ReadHtmlCacheBehavior [ RunTime:0.000570s ]
INFO: [ app_begin ] --END-- [ RunTime:0.000620s ]
SQL: SHOW COLUMNS FROM `zbz_pc_banners` [ RunTime:0.0091s ]
SQL: SELECT * FROM `zbz_pc_banners` ORDER BY ctime desc  [ RunTime:0.0004s ]
SQL: SHOW COLUMNS FROM `zbz_pc_index_img_lists` [ RunTime:0.0078s ]
SQL: SELECT * FROM `zbz_pc_index_img_lists` WHERE `keywords` = 'left_img' LIMIT 1   [ RunTime:0.0002s ]
SQL: SELECT * FROM `zbz_pc_index_img_lists` WHERE `keywords` = 'middle_img' LIMIT 1   [ RunTime:0.0001s ]
SQL: SELECT * FROM `zbz_pc_index_img_lists` WHERE `keywords` = 'right_img' LIMIT 1   [ RunTime:0.0002s ]
INFO: [ view_parse ] --START--
INFO: [ template_filter ] --START--
INFO: Run Behavior\ContentReplaceBehavior [ RunTime:0.000055s ]
INFO: [ template_filter ] --END-- [ RunTime:0.000090s ]
NOTIC: [8] Use of undefined constant index - assumed 'index' E:\phpStudy\WWW\foodcase\Application\Runtime\Cache\Home\2a94b8bda04ff446dcedd42276fc99ee.php 第 148 行.
NOTIC: [8] Use of undefined constant index - assumed 'index' E:\phpStudy\WWW\foodcase\Application\Runtime\Cache\Home\2a94b8bda04ff446dcedd42276fc99ee.php 第 149 行.
NOTIC: [8] Use of undefined constant artist - assumed 'artist' E:\phpStudy\WWW\foodcase\Application\Runtime\Cache\Home\2a94b8bda04ff446dcedd42276fc99ee.php 第 150 行.
NOTIC: [8] Use of undefined constant news - assumed 'news' E:\phpStudy\WWW\foodcase\Application\Runtime\Cache\Home\2a94b8bda04ff446dcedd42276fc99ee.php 第 151 行.
NOTIC: [8] Use of undefined constant profile - assumed 'profile' E:\phpStudy\WWW\foodcase\Application\Runtime\Cache\Home\2a94b8bda04ff446dcedd42276fc99ee.php 第 152 行.
INFO: Run Behavior\ParseTemplateBehavior [ RunTime:0.009275s ]
INFO: [ view_parse ] --END-- [ RunTime:0.009321s ]
INFO: [ view_filter ] --START--
INFO: Run Behavior\WriteHtmlCacheBehavior [ RunTime:0.000261s ]
INFO: [ view_filter ] --END-- [ RunTime:0.000290s ]
INFO: [ app_end ] --START--
INFO: Run Behavior\ShowPageTraceBehavior [ RunTime:0.000481s ]
INFO: [ app_end ] --END-- [ RunTime:0.000518s ]

[ 2017-05-05T17:38:40+08:00 ] 127.0.0.1 /
INFO: [ app_init ] --START--
INFO: Run Behavior\BuildLiteBehavior [ RunTime:0.000012s ]
INFO: [ app_init ] --END-- [ RunTime:0.000414s ]
INFO: [ app_begin ] --START--
INFO: Run Behavior\ReadHtmlCacheBehavior [ RunTime:0.000712s ]
INFO: [ app_begin ] --END-- [ RunTime:0.000776s ]
SQL: SHOW COLUMNS FROM `zbz_pc_banners` [ RunTime:0.0076s ]
SQL: SELECT * FROM `zbz_pc_banners` ORDER BY ctime desc  [ RunTime:0.0002s ]
SQL: SHOW COLUMNS FROM `zbz_pc_index_img_lists` [ RunTime:0.0067s ]
SQL: SELECT * FROM `zbz_pc_index_img_lists` WHERE `keywords` = 'left_img' LIMIT 1   [ RunTime:0.0002s ]
SQL: SELECT * FROM `zbz_pc_index_img_lists` WHERE `keywords` = 'middle_img' LIMIT 1   [ RunTime:0.0001s ]
SQL: SELECT * FROM `zbz_pc_index_img_lists` WHERE `keywords` = 'right_img' LIMIT 1   [ RunTime:0.0001s ]
INFO: [ view_parse ] --START--
INFO: [ template_filter ] --START--
INFO: Run Behavior\ContentReplaceBehavior [ RunTime:0.000058s ]
INFO: [ template_filter ] --END-- [ RunTime:0.000099s ]
NOTIC: [8] Use of undefined constant index - assumed 'index' E:\phpStudy\WWW\foodcase\Application\Runtime\Cache\Home\2a94b8bda04ff446dcedd42276fc99ee.php 第 148 行.
NOTIC: [8] Use of undefined constant index - assumed 'index' E:\phpStudy\WWW\foodcase\Application\Runtime\Cache\Home\2a94b8bda04ff446dcedd42276fc99ee.php 第 149 行.
NOTIC: [8] Use of undefined constant artist - assumed 'artist' E:\phpStudy\WWW\foodcase\Application\Runtime\Cache\Home\2a94b8bda04ff446dcedd42276fc99ee.php 第 150 行.
NOTIC: [8] Use of undefined constant news - assumed 'news' E:\phpStudy\WWW\foodcase\Application\Runtime\Cache\Home\2a94b8bda04ff446dcedd42276fc99ee.php 第 151 行.
NOTIC: [8] Use of undefined constant profile - assumed 'profile' E:\phpStudy\WWW\foodcase\Application\Runtime\Cache\Home\2a94b8bda04ff446dcedd42276fc99ee.php 第 152 行.
INFO: Run Behavior\ParseTemplateBehavior [ RunTime:0.008714s ]
INFO: [ view_parse ] --END-- [ RunTime:0.008752s ]
INFO: [ view_filter ] --START--
INFO: Run Behavior\WriteHtmlCacheBehavior [ RunTime:0.000533s ]
INFO: [ view_filter ] --END-- [ RunTime:0.000564s ]
INFO: [ app_end ] --START--
INFO: Run Behavior\ShowPageTraceBehavior [ RunTime:0.000815s ]
INFO: [ app_end ] --END-- [ RunTime:0.000866s ]

[ 2017-05-05T17:38:40+08:00 ] 127.0.0.1 /
INFO: [ app_init ] --START--
INFO: Run Behavior\BuildLiteBehavior [ RunTime:0.000011s ]
INFO: [ app_init ] --END-- [ RunTime:0.000367s ]
INFO: [ app_begin ] --START--
INFO: Run Behavior\ReadHtmlCacheBehavior [ RunTime:0.000473s ]
INFO: [ app_begin ] --END-- [ RunTime:0.000512s ]
SQL: SHOW COLUMNS FROM `zbz_pc_banners` [ RunTime:0.0065s ]
SQL: SELECT * FROM `zbz_pc_banners` ORDER BY ctime desc  [ RunTime:0.0003s ]
SQL: SHOW COLUMNS FROM `zbz_pc_index_img_lists` [ RunTime:0.0065s ]
SQL: SELECT * FROM `zbz_pc_index_img_lists` WHERE `keywords` = 'left_img' LIMIT 1   [ RunTime:0.0002s ]
SQL: SELECT * FROM `zbz_pc_index_img_lists` WHERE `keywords` = 'middle_img' LIMIT 1   [ RunTime:0.0002s ]
SQL: SELECT * FROM `zbz_pc_index_img_lists` WHERE `keywords` = 'right_img' LIMIT 1   [ RunTime:0.0002s ]
INFO: [ view_parse ] --START--
INFO: [ template_filter ] --START--
INFO: Run Behavior\ContentReplaceBehavior [ RunTime:0.000060s ]
INFO: [ template_filter ] --END-- [ RunTime:0.000108s ]
NOTIC: [8] Use of undefined constant index - assumed 'index' E:\phpStudy\WWW\foodcase\Application\Runtime\Cache\Home\2a94b8bda04ff446dcedd42276fc99ee.php 第 148 行.
NOTIC: [8] Use of undefined constant index - assumed 'index' E:\phpStudy\WWW\foodcase\Application\Runtime\Cache\Home\2a94b8bda04ff446dcedd42276fc99ee.php 第 149 行.
NOTIC: [8] Use of undefined constant artist - assumed 'artist' E:\phpStudy\WWW\foodcase\Application\Runtime\Cache\Home\2a94b8bda04ff446dcedd42276fc99ee.php 第 150 行.
NOTIC: [8] Use of undefined constant news - assumed 'news' E:\phpStudy\WWW\foodcase\Application\Runtime\Cache\Home\2a94b8bda04ff446dcedd42276fc99ee.php 第 151 行.
NOTIC: [8] Use of undefined constant profile - assumed 'profile' E:\phpStudy\WWW\foodcase\Application\Runtime\Cache\Home\2a94b8bda04ff446dcedd42276fc99ee.php 第 152 行.
INFO: Run Behavior\ParseTemplateBehavior [ RunTime:0.010284s ]
INFO: [ view_parse ] --END-- [ RunTime:0.010324s ]
INFO: [ view_filter ] --START--
INFO: Run Behavior\WriteHtmlCacheBehavior [ RunTime:0.000346s ]
INFO: [ view_filter ] --END-- [ RunTime:0.000379s ]
INFO: [ app_end ] --START--
INFO: Run Behavior\ShowPageTraceBehavior [ RunTime:0.000577s ]
INFO: [ app_end ] --END-- [ RunTime:0.000618s ]

[ 2017-05-05T17:38:40+08:00 ] 127.0.0.1 /
INFO: [ app_init ] --START--
INFO: Run Behavior\BuildLiteBehavior [ RunTime:0.000014s ]
INFO: [ app_init ] --END-- [ RunTime:0.000400s ]
INFO: [ app_begin ] --START--
INFO: Run Behavior\ReadHtmlCacheBehavior [ RunTime:0.000492s ]
INFO: [ app_begin ] --END-- [ RunTime:0.000529s ]
SQL: SHOW COLUMNS FROM `zbz_pc_banners` [ RunTime:0.0063s ]
SQL: SELECT * FROM `zbz_pc_banners` ORDER BY ctime desc  [ RunTime:0.0002s ]
SQL: SHOW COLUMNS FROM `zbz_pc_index_img_lists` [ RunTime:0.0063s ]
SQL: SELECT * FROM `zbz_pc_index_img_lists` WHERE `keywords` = 'left_img' LIMIT 1   [ RunTime:0.0003s ]
SQL: SELECT * FROM `zbz_pc_index_img_lists` WHERE `keywords` = 'middle_img' LIMIT 1   [ RunTime:0.0002s ]
SQL: SELECT * FROM `zbz_pc_index_img_lists` WHERE `keywords` = 'right_img' LIMIT 1   [ RunTime:0.0003s ]
INFO: [ view_parse ] --START--
INFO: [ template_filter ] --START--
INFO: Run Behavior\ContentReplaceBehavior [ RunTime:0.000062s ]
INFO: [ template_filter ] --END-- [ RunTime:0.000131s ]
NOTIC: [8] Use of undefined constant index - assumed 'index' E:\phpStudy\WWW\foodcase\Application\Runtime\Cache\Home\2a94b8bda04ff446dcedd42276fc99ee.php 第 148 行.
NOTIC: [8] Use of undefined constant index - assumed 'index' E:\phpStudy\WWW\foodcase\Application\Runtime\Cache\Home\2a94b8bda04ff446dcedd42276fc99ee.php 第 149 行.
NOTIC: [8] Use of undefined constant artist - assumed 'artist' E:\phpStudy\WWW\foodcase\Application\Runtime\Cache\Home\2a94b8bda04ff446dcedd42276fc99ee.php 第 150 行.
NOTIC: [8] Use of undefined constant news - assumed 'news' E:\phpStudy\WWW\foodcase\Application\Runtime\Cache\Home\2a94b8bda04ff446dcedd42276fc99ee.php 第 151 行.
NOTIC: [8] Use of undefined constant profile - assumed 'profile' E:\phpStudy\WWW\foodcase\Application\Runtime\Cache\Home\2a94b8bda04ff446dcedd42276fc99ee.php 第 152 行.
INFO: Run Behavior\ParseTemplateBehavior [ RunTime:0.009782s ]
INFO: [ view_parse ] --END-- [ RunTime:0.009827s ]
INFO: [ view_filter ] --START--
INFO: Run Behavior\WriteHtmlCacheBehavior [ RunTime:0.000322s ]
INFO: [ view_filter ] --END-- [ RunTime:0.000357s ]
INFO: [ app_end ] --START--
INFO: Run Behavior\ShowPageTraceBehavior [ RunTime:0.000525s ]
INFO: [ app_end ] --END-- [ RunTime:0.000593s ]

[ 2017-05-05T17:38:40+08:00 ] 127.0.0.1 /
INFO: [ app_init ] --START--
INFO: Run Behavior\BuildLiteBehavior [ RunTime:0.000012s ]
INFO: [ app_init ] --END-- [ RunTime:0.000360s ]
INFO: [ app_begin ] --START--
INFO: Run Behavior\ReadHtmlCacheBehavior [ RunTime:0.000512s ]
INFO: [ app_begin ] --END-- [ RunTime:0.000553s ]
SQL: SHOW COLUMNS FROM `zbz_pc_banners` [ RunTime:0.0061s ]
SQL: SELECT * FROM `zbz_pc_banners` ORDER BY ctime desc  [ RunTime:0.0004s ]
SQL: SHOW COLUMNS FROM `zbz_pc_index_img_lists` [ RunTime:0.0108s ]
SQL: SELECT * FROM `zbz_pc_index_img_lists` WHERE `keywords` = 'left_img' LIMIT 1   [ RunTime:0.0002s ]
SQL: SELECT * FROM `zbz_pc_index_img_lists` WHERE `keywords` = 'middle_img' LIMIT 1   [ RunTime:0.0001s ]
SQL: SELECT * FROM `zbz_pc_index_img_lists` WHERE `keywords` = 'right_img' LIMIT 1   [ RunTime:0.0002s ]
INFO: [ view_parse ] --START--
INFO: [ template_filter ] --START--
INFO: Run Behavior\ContentReplaceBehavior [ RunTime:0.000056s ]
INFO: [ template_filter ] --END-- [ RunTime:0.000095s ]
NOTIC: [8] Use of undefined constant index - assumed 'index' E:\phpStudy\WWW\foodcase\Application\Runtime\Cache\Home\2a94b8bda04ff446dcedd42276fc99ee.php 第 148 行.
NOTIC: [8] Use of undefined constant index - assumed 'index' E:\phpStudy\WWW\foodcase\Application\Runtime\Cache\Home\2a94b8bda04ff446dcedd42276fc99ee.php 第 149 行.
NOTIC: [8] Use of undefined constant artist - assumed 'artist' E:\phpStudy\WWW\foodcase\Application\Runtime\Cache\Home\2a94b8bda04ff446dcedd42276fc99ee.php 第 150 行.
NOTIC: [8] Use of undefined constant news - assumed 'news' E:\phpStudy\WWW\foodcase\Application\Runtime\Cache\Home\2a94b8bda04ff446dcedd42276fc99ee.php 第 151 行.
NOTIC: [8] Use of undefined constant profile - assumed 'profile' E:\phpStudy\WWW\foodcase\Application\Runtime\Cache\Home\2a94b8bda04ff446dcedd42276fc99ee.php 第 152 行.
INFO: Run Behavior\ParseTemplateBehavior [ RunTime:0.007908s ]
INFO: [ view_parse ] --END-- [ RunTime:0.007943s ]
INFO: [ view_filter ] --START--
INFO: Run Behavior\WriteHtmlCacheBehavior [ RunTime:0.000262s ]
INFO: [ view_filter ] --END-- [ RunTime:0.000291s ]
INFO: [ app_end ] --START--
INFO: Run Behavior\ShowPageTraceBehavior [ RunTime:0.000482s ]
INFO: [ app_end ] --END-- [ RunTime:0.000518s ]

[ 2017-05-05T17:38:40+08:00 ] 127.0.0.1 /
INFO: [ app_init ] --START--
INFO: Run Behavior\BuildLiteBehavior [ RunTime:0.000014s ]
INFO: [ app_init ] --END-- [ RunTime:0.000395s ]
INFO: [ app_begin ] --START--
INFO: Run Behavior\ReadHtmlCacheBehavior [ RunTime:0.000561s ]
INFO: [ app_begin ] --END-- [ RunTime:0.000601s ]
SQL: SHOW COLUMNS FROM `zbz_pc_banners` [ RunTime:0.0063s ]
SQL: SELECT * FROM `zbz_pc_banners` ORDER BY ctime desc  [ RunTime:0.0002s ]
SQL: SHOW COLUMNS FROM `zbz_pc_index_img_lists` [ RunTime:0.0057s ]
SQL: SELECT * FROM `zbz_pc_index_img_lists` WHERE `keywords` = 'left_img' LIMIT 1   [ RunTime:0.0002s ]
SQL: SELECT * FROM `zbz_pc_index_img_lists` WHERE `keywords` = 'middle_img' LIMIT 1   [ RunTime:0.0001s ]
SQL: SELECT * FROM `zbz_pc_index_img_lists` WHERE `keywords` = 'right_img' LIMIT 1   [ RunTime:0.0001s ]
INFO: [ view_parse ] --START--
INFO: [ template_filter ] --START--
INFO: Run Behavior\ContentReplaceBehavior [ RunTime:0.000056s ]
INFO: [ template_filter ] --END-- [ RunTime:0.000095s ]
NOTIC: [8] Use of undefined constant index - assumed 'index' E:\phpStudy\WWW\foodcase\Application\Runtime\Cache\Home\2a94b8bda04ff446dcedd42276fc99ee.php 第 148 行.
NOTIC: [8] Use of undefined constant index - assumed 'index' E:\phpStudy\WWW\foodcase\Application\Runtime\Cache\Home\2a94b8bda04ff446dcedd42276fc99ee.php 第 149 行.
NOTIC: [8] Use of undefined constant artist - assumed 'artist' E:\phpStudy\WWW\foodcase\Application\Runtime\Cache\Home\2a94b8bda04ff446dcedd42276fc99ee.php 第 150 行.
NOTIC: [8] Use of undefined constant news - assumed 'news' E:\phpStudy\WWW\foodcase\Application\Runtime\Cache\Home\2a94b8bda04ff446dcedd42276fc99ee.php 第 151 行.
NOTIC: [8] Use of undefined constant profile - assumed 'profile' E:\phpStudy\WWW\foodcase\Application\Runtime\Cache\Home\2a94b8bda04ff446dcedd42276fc99ee.php 第 152 行.
INFO: Run Behavior\ParseTemplateBehavior [ RunTime:0.008475s ]
INFO: [ view_parse ] --END-- [ RunTime:0.008511s ]
INFO: [ view_filter ] --START--
INFO: Run Behavior\WriteHtmlCacheBehavior [ RunTime:0.000326s ]
INFO: [ view_filter ] --END-- [ RunTime:0.000354s ]
INFO: [ app_end ] --START--
INFO: Run Behavior\ShowPageTraceBehavior [ RunTime:0.000545s ]
INFO: [ app_end ] --END-- [ RunTime:0.000582s ]

[ 2017-05-05T17:38:40+08:00 ] 127.0.0.1 /
INFO: [ app_init ] --START--
INFO: Run Behavior\BuildLiteBehavior [ RunTime:0.000012s ]
INFO: [ app_init ] --END-- [ RunTime:0.000376s ]
INFO: [ app_begin ] --START--
INFO: Run Behavior\ReadHtmlCacheBehavior [ RunTime:0.000480s ]
INFO: [ app_begin ] --END-- [ RunTime:0.000518s ]
SQL: SHOW COLUMNS FROM `zbz_pc_banners` [ RunTime:0.0064s ]
SQL: SELECT * FROM `zbz_pc_banners` ORDER BY ctime desc  [ RunTime:0.0003s ]
SQL: SHOW COLUMNS FROM `zbz_pc_index_img_lists` [ RunTime:0.0058s ]
SQL: SELECT * FROM `zbz_pc_index_img_lists` WHERE `keywords` = 'left_img' LIMIT 1   [ RunTime:0.0002s ]
SQL: SELECT * FROM `zbz_pc_index_img_lists` WHERE `keywords` = 'middle_img' LIMIT 1   [ RunTime:0.0002s ]
SQL: SELECT * FROM `zbz_pc_index_img_lists` WHERE `keywords` = 'right_img' LIMIT 1   [ RunTime:0.0002s ]
INFO: [ view_parse ] --START--
INFO: [ template_filter ] --START--
INFO: Run Behavior\ContentReplaceBehavior [ RunTime:0.000053s ]
INFO: [ template_filter ] --END-- [ RunTime:0.000085s ]
NOTIC: [8] Use of undefined constant index - assumed 'index' E:\phpStudy\WWW\foodcase\Application\Runtime\Cache\Home\2a94b8bda04ff446dcedd42276fc99ee.php 第 148 行.
NOTIC: [8] Use of undefined constant index - assumed 'index' E:\phpStudy\WWW\foodcase\Application\Runtime\Cache\Home\2a94b8bda04ff446dcedd42276fc99ee.php 第 149 行.
NOTIC: [8] Use of undefined constant artist - assumed 'artist' E:\phpStudy\WWW\foodcase\Application\Runtime\Cache\Home\2a94b8bda04ff446dcedd42276fc99ee.php 第 150 行.
NOTIC: [8] Use of undefined constant news - assumed 'news' E:\phpStudy\WWW\foodcase\Application\Runtime\Cache\Home\2a94b8bda04ff446dcedd42276fc99ee.php 第 151 行.
NOTIC: [8] Use of undefined constant profile - assumed 'profile' E:\phpStudy\WWW\foodcase\Application\Runtime\Cache\Home\2a94b8bda04ff446dcedd42276fc99ee.php 第 152 行.
INFO: Run Behavior\ParseTemplateBehavior [ RunTime:0.008262s ]
INFO: [ view_parse ] --END-- [ RunTime:0.008298s ]
INFO: [ view_filter ] --START--
INFO: Run Behavior\WriteHtmlCacheBehavior [ RunTime:0.000305s ]
INFO: [ view_filter ] --END-- [ RunTime:0.000337s ]
INFO: [ app_end ] --START--
INFO: Run Behavior\ShowPageTraceBehavior [ RunTime:0.000523s ]
INFO: [ app_end ] --END-- [ RunTime:0.000567s ]

[ 2017-05-05T17:38:40+08:00 ] 127.0.0.1 /
INFO: [ app_init ] --START--
INFO: Run Behavior\BuildLiteBehavior [ RunTime:0.000011s ]
INFO: [ app_init ] --END-- [ RunTime:0.000357s ]
INFO: [ app_begin ] --START--
INFO: Run Behavior\ReadHtmlCacheBehavior [ RunTime:0.000551s ]
INFO: [ app_begin ] --END-- [ RunTime:0.000591s ]
SQL: SHOW COLUMNS FROM `zbz_pc_banners` [ RunTime:0.0073s ]
SQL: SELECT * FROM `zbz_pc_banners` ORDER BY ctime desc  [ RunTime:0.0003s ]
SQL: SHOW COLUMNS FROM `zbz_pc_index_img_lists` [ RunTime:0.0064s ]
SQL: SELECT * FROM `zbz_pc_index_img_lists` WHERE `keywords` = 'left_img' LIMIT 1   [ RunTime:0.0002s ]
SQL: SELECT * FROM `zbz_pc_index_img_lists` WHERE `keywords` = 'middle_img' LIMIT 1   [ RunTime:0.0002s ]
SQL: SELECT * FROM `zbz_pc_index_img_lists` WHERE `keywords` = 'right_img' LIMIT 1   [ RunTime:0.0002s ]
INFO: [ view_parse ] --START--
INFO: [ template_filter ] --START--
INFO: Run Behavior\ContentReplaceBehavior [ RunTime:0.000053s ]
INFO: [ template_filter ] --END-- [ RunTime:0.000089s ]
NOTIC: [8] Use of undefined constant index - assumed 'index' E:\phpStudy\WWW\foodcase\Application\Runtime\Cache\Home\2a94b8bda04ff446dcedd42276fc99ee.php 第 148 行.
NOTIC: [8] Use of undefined constant index - assumed 'index' E:\phpStudy\WWW\foodcase\Application\Runtime\Cache\Home\2a94b8bda04ff446dcedd42276fc99ee.php 第 149 行.
NOTIC: [8] Use of undefined constant artist - assumed 'artist' E:\phpStudy\WWW\foodcase\Application\Runtime\Cache\Home\2a94b8bda04ff446dcedd42276fc99ee.php 第 150 行.
NOTIC: [8] Use of undefined constant news - assumed 'news' E:\phpStudy\WWW\foodcase\Application\Runtime\Cache\Home\2a94b8bda04ff446dcedd42276fc99ee.php 第 151 行.
NOTIC: [8] Use of undefined constant profile - assumed 'profile' E:\phpStudy\WWW\foodcase\Application\Runtime\Cache\Home\2a94b8bda04ff446dcedd42276fc99ee.php 第 152 行.
INFO: Run Behavior\ParseTemplateBehavior [ RunTime:0.008675s ]
INFO: [ view_parse ] --END-- [ RunTime:0.008712s ]
INFO: [ view_filter ] --START--
INFO: Run Behavior\WriteHtmlCacheBehavior [ RunTime:0.000305s ]
INFO: [ view_filter ] --END-- [ RunTime:0.000335s ]
INFO: [ app_end ] --START--
INFO: Run Behavior\ShowPageTraceBehavior [ RunTime:0.000578s ]
INFO: [ app_end ] --END-- [ RunTime:0.000615s ]

[ 2017-05-05T17:38:50+08:00 ] 127.0.0.1 /
INFO: [ app_init ] --START--
INFO: Run Behavior\BuildLiteBehavior [ RunTime:0.000020s ]
INFO: [ app_init ] --END-- [ RunTime:0.000806s ]
INFO: [ app_begin ] --START--
INFO: Run Behavior\ReadHtmlCacheBehavior [ RunTime:0.000917s ]
INFO: [ app_begin ] --END-- [ RunTime:0.001002s ]
SQL: SHOW COLUMNS FROM `zbz_pc_banners` [ RunTime:0.0063s ]
SQL: SELECT * FROM `zbz_pc_banners` ORDER BY ctime desc  [ RunTime:0.0003s ]
SQL: SHOW COLUMNS FROM `zbz_pc_index_img_lists` [ RunTime:0.0059s ]
SQL: SELECT * FROM `zbz_pc_index_img_lists` WHERE `keywords` = 'left_img' LIMIT 1   [ RunTime:0.0002s ]
SQL: SELECT * FROM `zbz_pc_index_img_lists` WHERE `keywords` = 'middle_img' LIMIT 1   [ RunTime:0.0002s ]
SQL: SELECT * FROM `zbz_pc_index_img_lists` WHERE `keywords` = 'right_img' LIMIT 1   [ RunTime:0.0002s ]
INFO: [ view_parse ] --START--
INFO: [ template_filter ] --START--
INFO: Run Behavior\ContentReplaceBehavior [ RunTime:0.000051s ]
INFO: [ template_filter ] --END-- [ RunTime:0.000082s ]
NOTIC: [8] Use of undefined constant index - assumed 'index' E:\phpStudy\WWW\foodcase\Application\Runtime\Cache\Home\2a94b8bda04ff446dcedd42276fc99ee.php 第 148 行.
NOTIC: [8] Use of undefined constant index - assumed 'index' E:\phpStudy\WWW\foodcase\Application\Runtime\Cache\Home\2a94b8bda04ff446dcedd42276fc99ee.php 第 149 行.
NOTIC: [8] Use of undefined constant artist - assumed 'artist' E:\phpStudy\WWW\foodcase\Application\Runtime\Cache\Home\2a94b8bda04ff446dcedd42276fc99ee.php 第 150 行.
NOTIC: [8] Use of undefined constant news - assumed 'news' E:\phpStudy\WWW\foodcase\Application\Runtime\Cache\Home\2a94b8bda04ff446dcedd42276fc99ee.php 第 151 行.
NOTIC: [8] Use of undefined constant profile - assumed 'profile' E:\phpStudy\WWW\foodcase\Application\Runtime\Cache\Home\2a94b8bda04ff446dcedd42276fc99ee.php 第 152 行.
INFO: Run Behavior\ParseTemplateBehavior [ RunTime:0.007763s ]
INFO: [ view_parse ] --END-- [ RunTime:0.007796s ]
INFO: [ view_filter ] --START--
INFO: Run Behavior\WriteHtmlCacheBehavior [ RunTime:0.000256s ]
INFO: [ view_filter ] --END-- [ RunTime:0.000285s ]
INFO: [ app_end ] --START--
INFO: Run Behavior\ShowPageTraceBehavior [ RunTime:0.000509s ]
INFO: [ app_end ] --END-- [ RunTime:0.000545s ]

[ 2017-05-05T17:39:19+08:00 ] 127.0.0.1 /
INFO: [ app_init ] --START--
INFO: Run Behavior\BuildLiteBehavior [ RunTime:0.000012s ]
INFO: [ app_init ] --END-- [ RunTime:0.000445s ]
INFO: [ app_begin ] --START--
INFO: Run Behavior\ReadHtmlCacheBehavior [ RunTime:0.000586s ]
INFO: [ app_begin ] --END-- [ RunTime:0.000626s ]
SQL: SHOW COLUMNS FROM `zbz_pc_banners` [ RunTime:0.0071s ]
SQL: SELECT * FROM `zbz_pc_banners` ORDER BY ctime desc  [ RunTime:0.0003s ]
SQL: SHOW COLUMNS FROM `zbz_pc_index_img_lists` [ RunTime:0.0068s ]
SQL: SELECT * FROM `zbz_pc_index_img_lists` WHERE `keywords` = 'left_img' LIMIT 1   [ RunTime:0.0002s ]
SQL: SELECT * FROM `zbz_pc_index_img_lists` WHERE `keywords` = 'middle_img' LIMIT 1   [ RunTime:0.0002s ]
SQL: SELECT * FROM `zbz_pc_index_img_lists` WHERE `keywords` = 'right_img' LIMIT 1   [ RunTime:0.0002s ]
INFO: [ view_parse ] --START--
INFO: [ template_filter ] --START--
INFO: Run Behavior\ContentReplaceBehavior [ RunTime:0.000052s ]
INFO: [ template_filter ] --END-- [ RunTime:0.000093s ]
NOTIC: [8] Use of undefined constant index - assumed 'index' E:\phpStudy\WWW\foodcase\Application\Runtime\Cache\Home\2a94b8bda04ff446dcedd42276fc99ee.php 第 148 行.
NOTIC: [8] Use of undefined constant index - assumed 'index' E:\phpStudy\WWW\foodcase\Application\Runtime\Cache\Home\2a94b8bda04ff446dcedd42276fc99ee.php 第 149 行.
NOTIC: [8] Use of undefined constant artist - assumed 'artist' E:\phpStudy\WWW\foodcase\Application\Runtime\Cache\Home\2a94b8bda04ff446dcedd42276fc99ee.php 第 150 行.
NOTIC: [8] Use of undefined constant news - assumed 'news' E:\phpStudy\WWW\foodcase\Application\Runtime\Cache\Home\2a94b8bda04ff446dcedd42276fc99ee.php 第 151 行.
NOTIC: [8] Use of undefined constant profile - assumed 'profile' E:\phpStudy\WWW\foodcase\Application\Runtime\Cache\Home\2a94b8bda04ff446dcedd42276fc99ee.php 第 152 行.
INFO: Run Behavior\ParseTemplateBehavior [ RunTime:0.008261s ]
INFO: [ view_parse ] --END-- [ RunTime:0.008297s ]
INFO: [ view_filter ] --START--
INFO: Run Behavior\WriteHtmlCacheBehavior [ RunTime:0.000345s ]
INFO: [ view_filter ] --END-- [ RunTime:0.000374s ]
INFO: [ app_end ] --START--
INFO: Run Behavior\ShowPageTraceBehavior [ RunTime:0.000626s ]
INFO: [ app_end ] --END-- [ RunTime:0.000682s ]

[ 2017-05-05T17:39:25+08:00 ] 127.0.0.1 /
INFO: [ app_init ] --START--
INFO: Run Behavior\BuildLiteBehavior [ RunTime:0.000011s ]
INFO: [ app_init ] --END-- [ RunTime:0.000427s ]
INFO: [ app_begin ] --START--
INFO: Run Behavior\ReadHtmlCacheBehavior [ RunTime:0.000553s ]
INFO: [ app_begin ] --END-- [ RunTime:0.000591s ]
SQL: SHOW COLUMNS FROM `zbz_pc_banners` [ RunTime:0.0067s ]
SQL: SELECT * FROM `zbz_pc_banners` ORDER BY ctime desc  [ RunTime:0.0003s ]
SQL: SHOW COLUMNS FROM `zbz_pc_index_img_lists` [ RunTime:0.0063s ]
SQL: SELECT * FROM `zbz_pc_index_img_lists` WHERE `keywords` = 'left_img' LIMIT 1   [ RunTime:0.0002s ]
SQL: SELECT * FROM `zbz_pc_index_img_lists` WHERE `keywords` = 'middle_img' LIMIT 1   [ RunTime:0.0002s ]
SQL: SELECT * FROM `zbz_pc_index_img_lists` WHERE `keywords` = 'right_img' LIMIT 1   [ RunTime:0.0002s ]
INFO: [ view_parse ] --START--
INFO: [ template_filter ] --START--
INFO: Run Behavior\ContentReplaceBehavior [ RunTime:0.000055s ]
INFO: [ template_filter ] --END-- [ RunTime:0.000091s ]
NOTIC: [8] Use of undefined constant index - assumed 'index' E:\phpStudy\WWW\foodcase\Application\Runtime\Cache\Home\2a94b8bda04ff446dcedd42276fc99ee.php 第 148 行.
NOTIC: [8] Use of undefined constant index - assumed 'index' E:\phpStudy\WWW\foodcase\Application\Runtime\Cache\Home\2a94b8bda04ff446dcedd42276fc99ee.php 第 149 行.
NOTIC: [8] Use of undefined constant artist - assumed 'artist' E:\phpStudy\WWW\foodcase\Application\Runtime\Cache\Home\2a94b8bda04ff446dcedd42276fc99ee.php 第 150 行.
NOTIC: [8] Use of undefined constant news - assumed 'news' E:\phpStudy\WWW\foodcase\Application\Runtime\Cache\Home\2a94b8bda04ff446dcedd42276fc99ee.php 第 151 行.
NOTIC: [8] Use of undefined constant profile - assumed 'profile' E:\phpStudy\WWW\foodcase\Application\Runtime\Cache\Home\2a94b8bda04ff446dcedd42276fc99ee.php 第 152 行.
INFO: Run Behavior\ParseTemplateBehavior [ RunTime:0.008183s ]
INFO: [ view_parse ] --END-- [ RunTime:0.008218s ]
INFO: [ view_filter ] --START--
INFO: Run Behavior\WriteHtmlCacheBehavior [ RunTime:0.000282s ]
INFO: [ view_filter ] --END-- [ RunTime:0.000313s ]
INFO: [ app_end ] --START--
INFO: Run Behavior\ShowPageTraceBehavior [ RunTime:0.000483s ]
INFO: [ app_end ] --END-- [ RunTime:0.000520s ]

[ 2017-05-05T17:42:07+08:00 ] 127.0.0.1 /
INFO: [ app_init ] --START--
INFO: Run Behavior\BuildLiteBehavior [ RunTime:0.000013s ]
INFO: [ app_init ] --END-- [ RunTime:0.000459s ]
INFO: [ app_begin ] --START--
INFO: Run Behavior\ReadHtmlCacheBehavior [ RunTime:0.000589s ]
INFO: [ app_begin ] --END-- [ RunTime:0.000626s ]
SQL: SHOW COLUMNS FROM `zbz_pc_banners` [ RunTime:0.0128s ]
SQL: SELECT * FROM `zbz_pc_banners` ORDER BY ctime desc  [ RunTime:0.0006s ]
SQL: SHOW COLUMNS FROM `zbz_pc_index_img_lists` [ RunTime:0.0130s ]
SQL: SELECT * FROM `zbz_pc_index_img_lists` WHERE `keywords` = 'left_img' LIMIT 1   [ RunTime:0.0005s ]
SQL: SELECT * FROM `zbz_pc_index_img_lists` WHERE `keywords` = 'middle_img' LIMIT 1   [ RunTime:0.0004s ]
SQL: SELECT * FROM `zbz_pc_index_img_lists` WHERE `keywords` = 'right_img' LIMIT 1   [ RunTime:0.0004s ]
INFO: [ view_parse ] --START--
INFO: [ template_filter ] --START--
INFO: Run Behavior\ContentReplaceBehavior [ RunTime:0.000072s ]
INFO: [ template_filter ] --END-- [ RunTime:0.000128s ]
NOTIC: [8] Use of undefined constant index - assumed 'index' E:\phpStudy\WWW\foodcase\Application\Runtime\Cache\Home\2a94b8bda04ff446dcedd42276fc99ee.php 第 148 行.
NOTIC: [8] Use of undefined constant index - assumed 'index' E:\phpStudy\WWW\foodcase\Application\Runtime\Cache\Home\2a94b8bda04ff446dcedd42276fc99ee.php 第 149 行.
NOTIC: [8] Use of undefined constant artist - assumed 'artist' E:\phpStudy\WWW\foodcase\Application\Runtime\Cache\Home\2a94b8bda04ff446dcedd42276fc99ee.php 第 150 行.
NOTIC: [8] Use of undefined constant news - assumed 'news' E:\phpStudy\WWW\foodcase\Application\Runtime\Cache\Home\2a94b8bda04ff446dcedd42276fc99ee.php 第 151 行.
NOTIC: [8] Use of undefined constant profile - assumed 'profile' E:\phpStudy\WWW\foodcase\Application\Runtime\Cache\Home\2a94b8bda04ff446dcedd42276fc99ee.php 第 152 行.
INFO: Run Behavior\ParseTemplateBehavior [ RunTime:0.012329s ]
INFO: [ view_parse ] --END-- [ RunTime:0.012390s ]
INFO: [ view_filter ] --START--
INFO: Run Behavior\WriteHtmlCacheBehavior [ RunTime:0.000464s ]
INFO: [ view_filter ] --END-- [ RunTime:0.000504s ]
INFO: [ app_end ] --START--
INFO: Run Behavior\ShowPageTraceBehavior [ RunTime:0.000745s ]
INFO: [ app_end ] --END-- [ RunTime:0.000792s ]

[ 2017-05-05T17:42:09+08:00 ] 127.0.0.1 /
INFO: [ app_init ] --START--
INFO: Run Behavior\BuildLiteBehavior [ RunTime:0.000012s ]
INFO: [ app_init ] --END-- [ RunTime:0.000385s ]
INFO: [ app_begin ] --START--
INFO: Run Behavior\ReadHtmlCacheBehavior [ RunTime:0.000653s ]
INFO: [ app_begin ] --END-- [ RunTime:0.000695s ]
SQL: SHOW COLUMNS FROM `zbz_pc_banners` [ RunTime:0.0273s ]
SQL: SELECT * FROM `zbz_pc_banners` ORDER BY ctime desc  [ RunTime:0.0003s ]
SQL: SHOW COLUMNS FROM `zbz_pc_index_img_lists` [ RunTime:0.0081s ]
SQL: SELECT * FROM `zbz_pc_index_img_lists` WHERE `keywords` = 'left_img' LIMIT 1   [ RunTime:0.0003s ]
SQL: SELECT * FROM `zbz_pc_index_img_lists` WHERE `keywords` = 'middle_img' LIMIT 1   [ RunTime:0.0002s ]
SQL: SELECT * FROM `zbz_pc_index_img_lists` WHERE `keywords` = 'right_img' LIMIT 1   [ RunTime:0.0002s ]
INFO: [ view_parse ] --START--
INFO: [ template_filter ] --START--
INFO: Run Behavior\ContentReplaceBehavior [ RunTime:0.000056s ]
INFO: [ template_filter ] --END-- [ RunTime:0.000097s ]
NOTIC: [8] Use of undefined constant index - assumed 'index' E:\phpStudy\WWW\foodcase\Application\Runtime\Cache\Home\2a94b8bda04ff446dcedd42276fc99ee.php 第 148 行.
NOTIC: [8] Use of undefined constant index - assumed 'index' E:\phpStudy\WWW\foodcase\Application\Runtime\Cache\Home\2a94b8bda04ff446dcedd42276fc99ee.php 第 149 行.
NOTIC: [8] Use of undefined constant artist - assumed 'artist' E:\phpStudy\WWW\foodcase\Application\Runtime\Cache\Home\2a94b8bda04ff446dcedd42276fc99ee.php 第 150 行.
NOTIC: [8] Use of undefined constant news - assumed 'news' E:\phpStudy\WWW\foodcase\Application\Runtime\Cache\Home\2a94b8bda04ff446dcedd42276fc99ee.php 第 151 行.
NOTIC: [8] Use of undefined constant profile - assumed 'profile' E:\phpStudy\WWW\foodcase\Application\Runtime\Cache\Home\2a94b8bda04ff446dcedd42276fc99ee.php 第 152 行.
INFO: Run Behavior\ParseTemplateBehavior [ RunTime:0.008535s ]
INFO: [ view_parse ] --END-- [ RunTime:0.008574s ]
INFO: [ view_filter ] --START--
INFO: Run Behavior\WriteHtmlCacheBehavior [ RunTime:0.000343s ]
INFO: [ view_filter ] --END-- [ RunTime:0.000374s ]
INFO: [ app_end ] --START--
INFO: Run Behavior\ShowPageTraceBehavior [ RunTime:0.000552s ]
INFO: [ app_end ] --END-- [ RunTime:0.000590s ]

[ 2017-05-05T17:42:11+08:00 ] 127.0.0.1 /
INFO: [ app_init ] --START--
INFO: Run Behavior\BuildLiteBehavior [ RunTime:0.000017s ]
INFO: [ app_init ] --END-- [ RunTime:0.000691s ]
INFO: [ app_begin ] --START--
INFO: Run Behavior\ReadHtmlCacheBehavior [ RunTime:0.000714s ]
INFO: [ app_begin ] --END-- [ RunTime:0.000765s ]
SQL: SHOW COLUMNS FROM `zbz_pc_banners` [ RunTime:0.0061s ]
SQL: SELECT * FROM `zbz_pc_banners` ORDER BY ctime desc  [ RunTime:0.0002s ]
SQL: SHOW COLUMNS FROM `zbz_pc_index_img_lists` [ RunTime:0.0062s ]
SQL: SELECT * FROM `zbz_pc_index_img_lists` WHERE `keywords` = 'left_img' LIMIT 1   [ RunTime:0.0002s ]
SQL: SELECT * FROM `zbz_pc_index_img_lists` WHERE `keywords` = 'middle_img' LIMIT 1   [ RunTime:0.0002s ]
SQL: SELECT * FROM `zbz_pc_index_img_lists` WHERE `keywords` = 'right_img' LIMIT 1   [ RunTime:0.0002s ]
INFO: [ view_parse ] --START--
INFO: [ template_filter ] --START--
INFO: Run Behavior\ContentReplaceBehavior [ RunTime:0.000050s ]
INFO: [ template_filter ] --END-- [ RunTime:0.000083s ]
NOTIC: [8] Use of undefined constant index - assumed 'index' E:\phpStudy\WWW\foodcase\Application\Runtime\Cache\Home\2a94b8bda04ff446dcedd42276fc99ee.php 第 148 行.
NOTIC: [8] Use of undefined constant index - assumed 'index' E:\phpStudy\WWW\foodcase\Application\Runtime\Cache\Home\2a94b8bda04ff446dcedd42276fc99ee.php 第 149 行.
NOTIC: [8] Use of undefined constant artist - assumed 'artist' E:\phpStudy\WWW\foodcase\Application\Runtime\Cache\Home\2a94b8bda04ff446dcedd42276fc99ee.php 第 150 行.
NOTIC: [8] Use of undefined constant news - assumed 'news' E:\phpStudy\WWW\foodcase\Application\Runtime\Cache\Home\2a94b8bda04ff446dcedd42276fc99ee.php 第 151 行.
NOTIC: [8] Use of undefined constant profile - assumed 'profile' E:\phpStudy\WWW\foodcase\Application\Runtime\Cache\Home\2a94b8bda04ff446dcedd42276fc99ee.php 第 152 行.
INFO: Run Behavior\ParseTemplateBehavior [ RunTime:0.008080s ]
INFO: [ view_parse ] --END-- [ RunTime:0.008115s ]
INFO: [ view_filter ] --START--
INFO: Run Behavior\WriteHtmlCacheBehavior [ RunTime:0.000327s ]
INFO: [ view_filter ] --END-- [ RunTime:0.000357s ]
INFO: [ app_end ] --START--
INFO: Run Behavior\ShowPageTraceBehavior [ RunTime:0.000614s ]
INFO: [ app_end ] --END-- [ RunTime:0.000652s ]

[ 2017-05-05T17:42:16+08:00 ] 127.0.0.1 /index.php/Home/Index/index.html
INFO: [ app_init ] --START--
INFO: Run Behavior\BuildLiteBehavior [ RunTime:0.000012s ]
INFO: [ app_init ] --END-- [ RunTime:0.000381s ]
INFO: [ app_begin ] --START--
INFO: Run Behavior\ReadHtmlCacheBehavior [ RunTime:0.000556s ]
INFO: [ app_begin ] --END-- [ RunTime:0.000596s ]
SQL: SHOW COLUMNS FROM `zbz_pc_banners` [ RunTime:0.0068s ]
SQL: SELECT * FROM `zbz_pc_banners` ORDER BY ctime desc  [ RunTime:0.0003s ]
SQL: SHOW COLUMNS FROM `zbz_pc_index_img_lists` [ RunTime:0.0062s ]
SQL: SELECT * FROM `zbz_pc_index_img_lists` WHERE `keywords` = 'left_img' LIMIT 1   [ RunTime:0.0002s ]
SQL: SELECT * FROM `zbz_pc_index_img_lists` WHERE `keywords` = 'middle_img' LIMIT 1   [ RunTime:0.0002s ]
SQL: SELECT * FROM `zbz_pc_index_img_lists` WHERE `keywords` = 'right_img' LIMIT 1   [ RunTime:0.0002s ]
INFO: [ view_parse ] --START--
INFO: [ template_filter ] --START--
INFO: Run Behavior\ContentReplaceBehavior [ RunTime:0.000069s ]
INFO: [ template_filter ] --END-- [ RunTime:0.000101s ]
NOTIC: [8] Use of undefined constant index - assumed 'index' E:\phpStudy\WWW\foodcase\Application\Runtime\Cache\Home\2a94b8bda04ff446dcedd42276fc99ee.php 第 148 行.
NOTIC: [8] Use of undefined constant index - assumed 'index' E:\phpStudy\WWW\foodcase\Application\Runtime\Cache\Home\2a94b8bda04ff446dcedd42276fc99ee.php 第 149 行.
NOTIC: [8] Use of undefined constant artist - assumed 'artist' E:\phpStudy\WWW\foodcase\Application\Runtime\Cache\Home\2a94b8bda04ff446dcedd42276fc99ee.php 第 150 行.
NOTIC: [8] Use of undefined constant news - assumed 'news' E:\phpStudy\WWW\foodcase\Application\Runtime\Cache\Home\2a94b8bda04ff446dcedd42276fc99ee.php 第 151 行.
NOTIC: [8] Use of undefined constant profile - assumed 'profile' E:\phpStudy\WWW\foodcase\Application\Runtime\Cache\Home\2a94b8bda04ff446dcedd42276fc99ee.php 第 152 行.
INFO: Run Behavior\ParseTemplateBehavior [ RunTime:0.008079s ]
INFO: [ view_parse ] --END-- [ RunTime:0.008114s ]
INFO: [ view_filter ] --START--
INFO: Run Behavior\WriteHtmlCacheBehavior [ RunTime:0.000311s ]
INFO: [ view_filter ] --END-- [ RunTime:0.000343s ]
INFO: [ app_end ] --START--
INFO: Run Behavior\ShowPageTraceBehavior [ RunTime:0.000513s ]
INFO: [ app_end ] --END-- [ RunTime:0.000550s ]

[ 2017-05-05T17:42:17+08:00 ] 127.0.0.1 /index.php/Home/Index/artist.html
INFO: [ app_init ] --START--
INFO: Run Behavior\BuildLiteBehavior [ RunTime:0.000012s ]
INFO: [ app_init ] --END-- [ RunTime:0.000435s ]
INFO: [ app_begin ] --START--
INFO: Run Behavior\ReadHtmlCacheBehavior [ RunTime:0.000555s ]
INFO: [ app_begin ] --END-- [ RunTime:0.000594s ]
INFO: [ view_parse ] --START--
INFO: [ template_filter ] --START--
INFO: Run Behavior\ContentReplaceBehavior [ RunTime:0.000047s ]
INFO: [ template_filter ] --END-- [ RunTime:0.000088s ]
NOTIC: [8] Use of undefined constant index - assumed 'index' E:\phpStudy\WWW\foodcase\Application\Runtime\Cache\Home\67cdea4ba7f67b31b6e0a4f8eed752a2.php 第 82 行.
NOTIC: [8] Use of undefined constant index - assumed 'index' E:\phpStudy\WWW\foodcase\Application\Runtime\Cache\Home\67cdea4ba7f67b31b6e0a4f8eed752a2.php 第 83 行.
NOTIC: [8] Use of undefined constant artist - assumed 'artist' E:\phpStudy\WWW\foodcase\Application\Runtime\Cache\Home\67cdea4ba7f67b31b6e0a4f8eed752a2.php 第 84 行.
NOTIC: [8] Use of undefined constant news - assumed 'news' E:\phpStudy\WWW\foodcase\Application\Runtime\Cache\Home\67cdea4ba7f67b31b6e0a4f8eed752a2.php 第 85 行.
NOTIC: [8] Use of undefined constant profile - assumed 'profile' E:\phpStudy\WWW\foodcase\Application\Runtime\Cache\Home\67cdea4ba7f67b31b6e0a4f8eed752a2.php 第 86 行.
INFO: Run Behavior\ParseTemplateBehavior [ RunTime:0.019074s ]
INFO: [ view_parse ] --END-- [ RunTime:0.019109s ]
INFO: [ view_filter ] --START--
INFO: Run Behavior\WriteHtmlCacheBehavior [ RunTime:0.000322s ]
INFO: [ view_filter ] --END-- [ RunTime:0.000351s ]
INFO: [ app_end ] --START--
INFO: Run Behavior\ShowPageTraceBehavior [ RunTime:0.000553s ]
INFO: [ app_end ] --END-- [ RunTime:0.000585s ]

[ 2017-05-05T17:42:22+08:00 ] 127.0.0.1 /index.php/Home/Index/news.html
INFO: [ app_init ] --START--
INFO: Run Behavior\BuildLiteBehavior [ RunTime:0.000010s ]
INFO: [ app_init ] --END-- [ RunTime:0.000436s ]
INFO: [ app_begin ] --START--
INFO: Run Behavior\ReadHtmlCacheBehavior [ RunTime:0.000550s ]
INFO: [ app_begin ] --END-- [ RunTime:0.000587s ]
SQL: SHOW COLUMNS FROM `zbz_pc_news` [ RunTime:0.0076s ]
SQL: SELECT * FROM `zbz_pc_news` ORDER BY ctime desc LIMIT 10   [ RunTime:0.0004s ]
INFO: [ view_parse ] --START--
INFO: [ template_filter ] --START--
INFO: Run Behavior\ContentReplaceBehavior [ RunTime:0.000043s ]
INFO: [ template_filter ] --END-- [ RunTime:0.000085s ]
NOTIC: [8] Use of undefined constant index - assumed 'index' E:\phpStudy\WWW\foodcase\Application\Runtime\Cache\Home\cecb45903f8aa0e33f62e7ce7ef7b49f.php 第 114 行.
NOTIC: [8] Use of undefined constant index - assumed 'index' E:\phpStudy\WWW\foodcase\Application\Runtime\Cache\Home\cecb45903f8aa0e33f62e7ce7ef7b49f.php 第 115 行.
NOTIC: [8] Use of undefined constant artist - assumed 'artist' E:\phpStudy\WWW\foodcase\Application\Runtime\Cache\Home\cecb45903f8aa0e33f62e7ce7ef7b49f.php 第 116 行.
NOTIC: [8] Use of undefined constant news - assumed 'news' E:\phpStudy\WWW\foodcase\Application\Runtime\Cache\Home\cecb45903f8aa0e33f62e7ce7ef7b49f.php 第 117 行.
NOTIC: [8] Use of undefined constant profile - assumed 'profile' E:\phpStudy\WWW\foodcase\Application\Runtime\Cache\Home\cecb45903f8aa0e33f62e7ce7ef7b49f.php 第 118 行.
INFO: Run Behavior\ParseTemplateBehavior [ RunTime:0.028339s ]
INFO: [ view_parse ] --END-- [ RunTime:0.028380s ]
INFO: [ view_filter ] --START--
INFO: Run Behavior\WriteHtmlCacheBehavior [ RunTime:0.000303s ]
INFO: [ view_filter ] --END-- [ RunTime:0.000335s ]
INFO: [ app_end ] --START--
INFO: Run Behavior\ShowPageTraceBehavior [ RunTime:0.000591s ]
INFO: [ app_end ] --END-- [ RunTime:0.000624s ]

[ 2017-05-05T17:42:26+08:00 ] 127.0.0.1 /index.php/Home/Index/profile.html
INFO: [ app_init ] --START--
INFO: Run Behavior\BuildLiteBehavior [ RunTime:0.000012s ]
INFO: [ app_init ] --END-- [ RunTime:0.000428s ]
INFO: [ app_begin ] --START--
INFO: Run Behavior\ReadHtmlCacheBehavior [ RunTime:0.000557s ]
INFO: [ app_begin ] --END-- [ RunTime:0.000596s ]
SQL: SHOW COLUMNS FROM `zbz_pc_pages` [ RunTime:0.0077s ]
SQL: SELECT * FROM `zbz_pc_pages` WHERE `type` = 2 LIMIT 1   [ RunTime:0.0003s ]
INFO: [ view_parse ] --START--
INFO: [ template_filter ] --START--
INFO: Run Behavior\ContentReplaceBehavior [ RunTime:0.000050s ]
INFO: [ template_filter ] --END-- [ RunTime:0.000091s ]
NOTIC: [8] Use of undefined constant index - assumed 'index' E:\phpStudy\WWW\foodcase\Application\Runtime\Cache\Home\146034eace9f7ee62e7898101e742bd2.php 第 132 行.
NOTIC: [8] Use of undefined constant index - assumed 'index' E:\phpStudy\WWW\foodcase\Application\Runtime\Cache\Home\146034eace9f7ee62e7898101e742bd2.php 第 133 行.
NOTIC: [8] Use of undefined constant artist - assumed 'artist' E:\phpStudy\WWW\foodcase\Application\Runtime\Cache\Home\146034eace9f7ee62e7898101e742bd2.php 第 134 行.
NOTIC: [8] Use of undefined constant news - assumed 'news' E:\phpStudy\WWW\foodcase\Application\Runtime\Cache\Home\146034eace9f7ee62e7898101e742bd2.php 第 135 行.
NOTIC: [8] Use of undefined constant profile - assumed 'profile' E:\phpStudy\WWW\foodcase\Application\Runtime\Cache\Home\146034eace9f7ee62e7898101e742bd2.php 第 136 行.
INFO: Run Behavior\ParseTemplateBehavior [ RunTime:0.027325s ]
INFO: [ view_parse ] --END-- [ RunTime:0.027366s ]
INFO: [ view_filter ] --START--
INFO: Run Behavior\WriteHtmlCacheBehavior [ RunTime:0.000354s ]
INFO: [ view_filter ] --END-- [ RunTime:0.000393s ]
INFO: [ app_end ] --START--
INFO: Run Behavior\ShowPageTraceBehavior [ RunTime:0.000678s ]
INFO: [ app_end ] --END-- [ RunTime:0.000715s ]

[ 2017-05-05T17:42:28+08:00 ] 127.0.0.1 /index.php/Home/Index/honor.html
INFO: [ app_init ] --START--
INFO: Run Behavior\BuildLiteBehavior [ RunTime:0.000011s ]
INFO: [ app_init ] --END-- [ RunTime:0.000452s ]
INFO: [ app_begin ] --START--
INFO: Run Behavior\ReadHtmlCacheBehavior [ RunTime:0.000622s ]
INFO: [ app_begin ] --END-- [ RunTime:0.000661s ]
SQL: SHOW COLUMNS FROM `zbz_pc_pages` [ RunTime:0.0069s ]
SQL: SELECT * FROM `zbz_pc_pages` WHERE `type` = 3 LIMIT 1   [ RunTime:0.0003s ]
INFO: [ view_parse ] --START--
INFO: [ template_filter ] --START--
INFO: Run Behavior\ContentReplaceBehavior [ RunTime:0.000049s ]
INFO: [ template_filter ] --END-- [ RunTime:0.000089s ]
NOTIC: [8] Use of undefined constant index - assumed 'index' E:\phpStudy\WWW\foodcase\Application\Runtime\Cache\Home\1f1cda5a1384e2c708df4d83286b1fec.php 第 132 行.
NOTIC: [8] Use of undefined constant index - assumed 'index' E:\phpStudy\WWW\foodcase\Application\Runtime\Cache\Home\1f1cda5a1384e2c708df4d83286b1fec.php 第 133 行.
NOTIC: [8] Use of undefined constant artist - assumed 'artist' E:\phpStudy\WWW\foodcase\Application\Runtime\Cache\Home\1f1cda5a1384e2c708df4d83286b1fec.php 第 134 行.
NOTIC: [8] Use of undefined constant news - assumed 'news' E:\phpStudy\WWW\foodcase\Application\Runtime\Cache\Home\1f1cda5a1384e2c708df4d83286b1fec.php 第 135 行.
NOTIC: [8] Use of undefined constant profile - assumed 'profile' E:\phpStudy\WWW\foodcase\Application\Runtime\Cache\Home\1f1cda5a1384e2c708df4d83286b1fec.php 第 136 行.
INFO: Run Behavior\ParseTemplateBehavior [ RunTime:0.017889s ]
INFO: [ view_parse ] --END-- [ RunTime:0.017923s ]
INFO: [ view_filter ] --START--
INFO: Run Behavior\WriteHtmlCacheBehavior [ RunTime:0.000403s ]
INFO: [ view_filter ] --END-- [ RunTime:0.000434s ]
INFO: [ app_end ] --START--
INFO: Run Behavior\ShowPageTraceBehavior [ RunTime:0.000763s ]
INFO: [ app_end ] --END-- [ RunTime:0.000810s ]

[ 2017-05-05T17:42:30+08:00 ] 127.0.0.1 /index.php/Home/Index/team.html
INFO: [ app_init ] --START--
INFO: Run Behavior\BuildLiteBehavior [ RunTime:0.000012s ]
INFO: [ app_init ] --END-- [ RunTime:0.000399s ]
INFO: [ app_begin ] --START--
INFO: Run Behavior\ReadHtmlCacheBehavior [ RunTime:0.000546s ]
INFO: [ app_begin ] --END-- [ RunTime:0.000583s ]
SQL: SHOW COLUMNS FROM `zbz_pc_pages` [ RunTime:0.0067s ]
SQL: SELECT * FROM `zbz_pc_pages` WHERE `type` = 4 LIMIT 1   [ RunTime:0.0003s ]
INFO: [ view_parse ] --START--
INFO: [ template_filter ] --START--
INFO: Run Behavior\ContentReplaceBehavior [ RunTime:0.000051s ]
INFO: [ template_filter ] --END-- [ RunTime:0.000093s ]
NOTIC: [8] Use of undefined constant index - assumed 'index' E:\phpStudy\WWW\foodcase\Application\Runtime\Cache\Home\2b669a9f586c91f6d1052f924a7bcb9a.php 第 134 行.
NOTIC: [8] Use of undefined constant index - assumed 'index' E:\phpStudy\WWW\foodcase\Application\Runtime\Cache\Home\2b669a9f586c91f6d1052f924a7bcb9a.php 第 135 行.
NOTIC: [8] Use of undefined constant artist - assumed 'artist' E:\phpStudy\WWW\foodcase\Application\Runtime\Cache\Home\2b669a9f586c91f6d1052f924a7bcb9a.php 第 136 行.
NOTIC: [8] Use of undefined constant news - assumed 'news' E:\phpStudy\WWW\foodcase\Application\Runtime\Cache\Home\2b669a9f586c91f6d1052f924a7bcb9a.php 第 137 行.
NOTIC: [8] Use of undefined constant profile - assumed 'profile' E:\phpStudy\WWW\foodcase\Application\Runtime\Cache\Home\2b669a9f586c91f6d1052f924a7bcb9a.php 第 138 行.
INFO: Run Behavior\ParseTemplateBehavior [ RunTime:0.015917s ]
INFO: [ view_parse ] --END-- [ RunTime:0.015954s ]
INFO: [ view_filter ] --START--
INFO: Run Behavior\WriteHtmlCacheBehavior [ RunTime:0.000335s ]
INFO: [ view_filter ] --END-- [ RunTime:0.000366s ]
INFO: [ app_end ] --START--
INFO: Run Behavior\ShowPageTraceBehavior [ RunTime:0.000546s ]
INFO: [ app_end ] --END-- [ RunTime:0.000584s ]

[ 2017-05-05T17:42:31+08:00 ] 127.0.0.1 /index.php/Home/Index/patent.html
INFO: [ app_init ] --START--
INFO: Run Behavior\BuildLiteBehavior [ RunTime:0.000011s ]
INFO: [ app_init ] --END-- [ RunTime:0.000419s ]
INFO: [ app_begin ] --START--
INFO: Run Behavior\ReadHtmlCacheBehavior [ RunTime:0.000540s ]
INFO: [ app_begin ] --END-- [ RunTime:0.000579s ]
SQL: SHOW COLUMNS FROM `zbz_pc_pages` [ RunTime:0.0067s ]
SQL: SELECT * FROM `zbz_pc_pages` WHERE `type` = 5 LIMIT 1   [ RunTime:0.0003s ]
INFO: [ view_parse ] --START--
INFO: [ template_filter ] --START--
INFO: Run Behavior\ContentReplaceBehavior [ RunTime:0.000053s ]
INFO: [ template_filter ] --END-- [ RunTime:0.000096s ]
NOTIC: [8] Use of undefined constant index - assumed 'index' E:\phpStudy\WWW\foodcase\Application\Runtime\Cache\Home\a6a686e7c70beb9077aa96152537e7a0.php 第 132 行.
NOTIC: [8] Use of undefined constant index - assumed 'index' E:\phpStudy\WWW\foodcase\Application\Runtime\Cache\Home\a6a686e7c70beb9077aa96152537e7a0.php 第 133 行.
NOTIC: [8] Use of undefined constant artist - assumed 'artist' E:\phpStudy\WWW\foodcase\Application\Runtime\Cache\Home\a6a686e7c70beb9077aa96152537e7a0.php 第 134 行.
NOTIC: [8] Use of undefined constant news - assumed 'news' E:\phpStudy\WWW\foodcase\Application\Runtime\Cache\Home\a6a686e7c70beb9077aa96152537e7a0.php 第 135 行.
NOTIC: [8] Use of undefined constant profile - assumed 'profile' E:\phpStudy\WWW\foodcase\Application\Runtime\Cache\Home\a6a686e7c70beb9077aa96152537e7a0.php 第 136 行.
INFO: Run Behavior\ParseTemplateBehavior [ RunTime:0.021072s ]
INFO: [ view_parse ] --END-- [ RunTime:0.021110s ]
INFO: [ view_filter ] --START--
INFO: Run Behavior\WriteHtmlCacheBehavior [ RunTime:0.000347s ]
INFO: [ view_filter ] --END-- [ RunTime:0.000378s ]
INFO: [ app_end ] --START--
INFO: Run Behavior\ShowPageTraceBehavior [ RunTime:0.000519s ]
INFO: [ app_end ] --END-- [ RunTime:0.000558s ]

[ 2017-05-05T17:42:33+08:00 ] 127.0.0.1 /index.php/Home/Index/history.html
INFO: [ app_init ] --START--
INFO: Run Behavior\BuildLiteBehavior [ RunTime:0.000013s ]
INFO: [ app_init ] --END-- [ RunTime:0.000398s ]
INFO: [ app_begin ] --START--
INFO: Run Behavior\ReadHtmlCacheBehavior [ RunTime:0.000547s ]
INFO: [ app_begin ] --END-- [ RunTime:0.000585s ]
SQL: SHOW COLUMNS FROM `zbz_pc_pages` [ RunTime:0.0067s ]
SQL: SELECT * FROM `zbz_pc_pages` WHERE `type` = 6 LIMIT 1   [ RunTime:0.0003s ]
INFO: [ view_parse ] --START--
INFO: [ template_filter ] --START--
INFO: Run Behavior\ContentReplaceBehavior [ RunTime:0.000048s ]
INFO: [ template_filter ] --END-- [ RunTime:0.000088s ]
NOTIC: [8] Use of undefined constant index - assumed 'index' E:\phpStudy\WWW\foodcase\Application\Runtime\Cache\Home\fc3d0a8a50a7a3bb4adf41426038b291.php 第 132 行.
NOTIC: [8] Use of undefined constant index - assumed 'index' E:\phpStudy\WWW\foodcase\Application\Runtime\Cache\Home\fc3d0a8a50a7a3bb4adf41426038b291.php 第 133 行.
NOTIC: [8] Use of undefined constant artist - assumed 'artist' E:\phpStudy\WWW\foodcase\Application\Runtime\Cache\Home\fc3d0a8a50a7a3bb4adf41426038b291.php 第 134 行.
NOTIC: [8] Use of undefined constant news - assumed 'news' E:\phpStudy\WWW\foodcase\Application\Runtime\Cache\Home\fc3d0a8a50a7a3bb4adf41426038b291.php 第 135 行.
NOTIC: [8] Use of undefined constant profile - assumed 'profile' E:\phpStudy\WWW\foodcase\Application\Runtime\Cache\Home\fc3d0a8a50a7a3bb4adf41426038b291.php 第 136 行.
INFO: Run Behavior\ParseTemplateBehavior [ RunTime:0.025704s ]
INFO: [ view_parse ] --END-- [ RunTime:0.025741s ]
INFO: [ view_filter ] --START--
INFO: Run Behavior\WriteHtmlCacheBehavior [ RunTime:0.000332s ]
INFO: [ view_filter ] --END-- [ RunTime:0.000361s ]
INFO: [ app_end ] --START--
INFO: Run Behavior\ShowPageTraceBehavior [ RunTime:0.000626s ]
INFO: [ app_end ] --END-- [ RunTime:0.000663s ]

